running egg_info
writing ../../build/my_cow_drone_sim/my_cow_drone_sim.egg-info/PKG-INFO
writing dependency_links to ../../build/my_cow_drone_sim/my_cow_drone_sim.egg-info/dependency_links.txt
writing entry points to ../../build/my_cow_drone_sim/my_cow_drone_sim.egg-info/entry_points.txt
writing requirements to ../../build/my_cow_drone_sim/my_cow_drone_sim.egg-info/requires.txt
writing top-level names to ../../build/my_cow_drone_sim/my_cow_drone_sim.egg-info/top_level.txt
reading manifest file '../../build/my_cow_drone_sim/my_cow_drone_sim.egg-info/SOURCES.txt'
writing manifest file '../../build/my_cow_drone_sim/my_cow_drone_sim.egg-info/SOURCES.txt'
running build
running build_py
running install
running install_lib
running install_data
copying worlds/cow_drone_world.sdf -> /home/sam/GrazeMate/new_sim_ws/install/my_cow_drone_sim/share/my_cow_drone_sim/worlds
running install_egg_info
removing '/home/sam/GrazeMate/new_sim_ws/install/my_cow_drone_sim/lib/python3.10/site-packages/my_cow_drone_sim-0.0.1-py3.10.egg-info' (and everything under it)
Copying ../../build/my_cow_drone_sim/my_cow_drone_sim.egg-info to /home/sam/GrazeMate/new_sim_ws/install/my_cow_drone_sim/lib/python3.10/site-packages/my_cow_drone_sim-0.0.1-py3.10.egg-info
running install_scripts
Installing controller_node script to /home/sam/GrazeMate/new_sim_ws/install/my_cow_drone_sim/lib/my_cow_drone_sim
writing list of installed files to '/home/sam/GrazeMate/new_sim_ws/build/my_cow_drone_sim/install.log'
