[0.092s] DEBUG:colcon:Command line arguments: ['/usr/bin/colcon', 'build']
[0.092s] DEBUG:colcon:Parsed command line arguments: Namespace(log_base=None, log_level=None, verb_name='build', build_base='build', install_base='install', merge_install=False, symlink_install=False, test_result_base=None, continue_on_error=False, executor='parallel', parallel_workers=16, event_handlers=None, ignore_user_meta=False, metas=['./colcon.meta'], base_paths=['.'], packages_ignore=None, packages_ignore_regex=None, paths=None, packages_up_to=None, packages_up_to_regex=None, packages_above=None, packages_above_and_dependencies=None, packages_above_depth=None, packages_select_by_dep=None, packages_skip_by_dep=None, packages_skip_up_to=None, packages_select_build_failed=False, packages_skip_build_finished=False, packages_select_test_failures=False, packages_skip_test_passed=False, packages_select=None, packages_skip=None, packages_select_regex=None, packages_skip_regex=None, packages_start=None, packages_end=None, allow_overriding=[], cmake_args=None, cmake_target=None, cmake_target_skip_unavailable=False, cmake_clean_cache=False, cmake_clean_first=False, cmake_force_configure=False, ament_cmake_args=None, catkin_cmake_args=None, catkin_skip_building_tests=False, mixin_files=None, mixin=None, verb_parser=<colcon_mixin.mixin.mixin_argument.MixinArgumentDecorator object at 0x77f34b74bd00>, verb_extension=<colcon_core.verb.build.BuildVerb object at 0x77f34b8f95d0>, main=<bound method BuildVerb.main of <colcon_core.verb.build.BuildVerb object at 0x77f34b8f95d0>>, mixin_verb=('build',))
[0.233s] Level 1:colcon.colcon_core.package_discovery:discover_packages(colcon_meta) check parameters
[0.233s] Level 1:colcon.colcon_core.package_discovery:discover_packages(recursive) check parameters
[0.233s] Level 1:colcon.colcon_core.package_discovery:discover_packages(ignore) check parameters
[0.233s] Level 1:colcon.colcon_core.package_discovery:discover_packages(path) check parameters
[0.233s] Level 1:colcon.colcon_core.package_discovery:discover_packages(colcon_meta) discover
[0.233s] Level 1:colcon.colcon_core.package_discovery:discover_packages(recursive) discover
[0.233s] INFO:colcon.colcon_core.package_discovery:Crawling recursively for packages in '/home/sam/GrazeMate'
[0.233s] Level 1:colcon.colcon_core.package_identification:_identify(.) by extensions ['ignore', 'ignore_ament_install']
[0.233s] Level 1:colcon.colcon_core.package_identification:_identify(.) by extension 'ignore'
[0.233s] Level 1:colcon.colcon_core.package_identification:_identify(.) by extension 'ignore_ament_install'
[0.233s] Level 1:colcon.colcon_core.package_identification:_identify(.) by extensions ['colcon_pkg']
[0.233s] Level 1:colcon.colcon_core.package_identification:_identify(.) by extension 'colcon_pkg'
[0.233s] Level 1:colcon.colcon_core.package_identification:_identify(.) by extensions ['colcon_meta']
[0.233s] Level 1:colcon.colcon_core.package_identification:_identify(.) by extension 'colcon_meta'
[0.233s] Level 1:colcon.colcon_core.package_identification:_identify(.) by extensions ['ros']
[0.233s] Level 1:colcon.colcon_core.package_identification:_identify(.) by extension 'ros'
[0.241s] Level 1:colcon.colcon_core.package_identification:_identify(.) by extensions ['cmake', 'python']
[0.241s] Level 1:colcon.colcon_core.package_identification:_identify(.) by extension 'cmake'
[0.241s] Level 1:colcon.colcon_core.package_identification:_identify(.) by extension 'python'
[0.241s] Level 1:colcon.colcon_core.package_identification:_identify(.) by extensions ['python_setup_py']
[0.241s] Level 1:colcon.colcon_core.package_identification:_identify(.) by extension 'python_setup_py'
[0.241s] Level 1:colcon.colcon_core.package_identification:_identify(GrazeMateSite) by extensions ['ignore', 'ignore_ament_install']
[0.241s] Level 1:colcon.colcon_core.package_identification:_identify(GrazeMateSite) by extension 'ignore'
[0.242s] Level 1:colcon.colcon_core.package_identification:_identify(GrazeMateSite) by extension 'ignore_ament_install'
[0.242s] Level 1:colcon.colcon_core.package_identification:_identify(GrazeMateSite) by extensions ['colcon_pkg']
[0.242s] Level 1:colcon.colcon_core.package_identification:_identify(GrazeMateSite) by extension 'colcon_pkg'
[0.242s] Level 1:colcon.colcon_core.package_identification:_identify(GrazeMateSite) by extensions ['colcon_meta']
[0.242s] Level 1:colcon.colcon_core.package_identification:_identify(GrazeMateSite) by extension 'colcon_meta'
[0.242s] Level 1:colcon.colcon_core.package_identification:_identify(GrazeMateSite) by extensions ['ros']
[0.242s] Level 1:colcon.colcon_core.package_identification:_identify(GrazeMateSite) by extension 'ros'
[0.242s] Level 1:colcon.colcon_core.package_identification:_identify(GrazeMateSite) by extensions ['cmake', 'python']
[0.242s] Level 1:colcon.colcon_core.package_identification:_identify(GrazeMateSite) by extension 'cmake'
[0.242s] Level 1:colcon.colcon_core.package_identification:_identify(GrazeMateSite) by extension 'python'
[0.242s] Level 1:colcon.colcon_core.package_identification:_identify(GrazeMateSite) by extensions ['python_setup_py']
[0.242s] Level 1:colcon.colcon_core.package_identification:_identify(GrazeMateSite) by extension 'python_setup_py'
[0.242s] Level 1:colcon.colcon_core.package_identification:_identify(GrazeMateSite/SkyWrangler) by extensions ['ignore', 'ignore_ament_install']
[0.242s] Level 1:colcon.colcon_core.package_identification:_identify(GrazeMateSite/SkyWrangler) by extension 'ignore'
[0.242s] Level 1:colcon.colcon_core.package_identification:_identify(GrazeMateSite/SkyWrangler) by extension 'ignore_ament_install'
[0.242s] Level 1:colcon.colcon_core.package_identification:_identify(GrazeMateSite/SkyWrangler) by extensions ['colcon_pkg']
[0.242s] Level 1:colcon.colcon_core.package_identification:_identify(GrazeMateSite/SkyWrangler) by extension 'colcon_pkg'
[0.242s] Level 1:colcon.colcon_core.package_identification:_identify(GrazeMateSite/SkyWrangler) by extensions ['colcon_meta']
[0.242s] Level 1:colcon.colcon_core.package_identification:_identify(GrazeMateSite/SkyWrangler) by extension 'colcon_meta'
[0.242s] Level 1:colcon.colcon_core.package_identification:_identify(GrazeMateSite/SkyWrangler) by extensions ['ros']
[0.242s] Level 1:colcon.colcon_core.package_identification:_identify(GrazeMateSite/SkyWrangler) by extension 'ros'
[0.242s] Level 1:colcon.colcon_core.package_identification:_identify(GrazeMateSite/SkyWrangler) by extensions ['cmake', 'python']
[0.242s] Level 1:colcon.colcon_core.package_identification:_identify(GrazeMateSite/SkyWrangler) by extension 'cmake'
[0.242s] Level 1:colcon.colcon_core.package_identification:_identify(GrazeMateSite/SkyWrangler) by extension 'python'
[0.242s] Level 1:colcon.colcon_core.package_identification:_identify(GrazeMateSite/SkyWrangler) by extensions ['python_setup_py']
[0.242s] Level 1:colcon.colcon_core.package_identification:_identify(GrazeMateSite/SkyWrangler) by extension 'python_setup_py'
[0.243s] Level 1:colcon.colcon_core.package_identification:_identify(GrazeMateSite/SkyWrangler/assets) by extensions ['ignore', 'ignore_ament_install']
[0.243s] Level 1:colcon.colcon_core.package_identification:_identify(GrazeMateSite/SkyWrangler/assets) by extension 'ignore'
[0.243s] Level 1:colcon.colcon_core.package_identification:_identify(GrazeMateSite/SkyWrangler/assets) by extension 'ignore_ament_install'
[0.243s] Level 1:colcon.colcon_core.package_identification:_identify(GrazeMateSite/SkyWrangler/assets) by extensions ['colcon_pkg']
[0.243s] Level 1:colcon.colcon_core.package_identification:_identify(GrazeMateSite/SkyWrangler/assets) by extension 'colcon_pkg'
[0.243s] Level 1:colcon.colcon_core.package_identification:_identify(GrazeMateSite/SkyWrangler/assets) by extensions ['colcon_meta']
[0.243s] Level 1:colcon.colcon_core.package_identification:_identify(GrazeMateSite/SkyWrangler/assets) by extension 'colcon_meta'
[0.243s] Level 1:colcon.colcon_core.package_identification:_identify(GrazeMateSite/SkyWrangler/assets) by extensions ['ros']
[0.243s] Level 1:colcon.colcon_core.package_identification:_identify(GrazeMateSite/SkyWrangler/assets) by extension 'ros'
[0.243s] Level 1:colcon.colcon_core.package_identification:_identify(GrazeMateSite/SkyWrangler/assets) by extensions ['cmake', 'python']
[0.243s] Level 1:colcon.colcon_core.package_identification:_identify(GrazeMateSite/SkyWrangler/assets) by extension 'cmake'
[0.243s] Level 1:colcon.colcon_core.package_identification:_identify(GrazeMateSite/SkyWrangler/assets) by extension 'python'
[0.243s] Level 1:colcon.colcon_core.package_identification:_identify(GrazeMateSite/SkyWrangler/assets) by extensions ['python_setup_py']
[0.243s] Level 1:colcon.colcon_core.package_identification:_identify(GrazeMateSite/SkyWrangler/assets) by extension 'python_setup_py'
[0.243s] Level 1:colcon.colcon_core.package_identification:_identify(GrazeMateSite/SkyWrangler/assets/css) by extensions ['ignore', 'ignore_ament_install']
[0.243s] Level 1:colcon.colcon_core.package_identification:_identify(GrazeMateSite/SkyWrangler/assets/css) by extension 'ignore'
[0.243s] Level 1:colcon.colcon_core.package_identification:_identify(GrazeMateSite/SkyWrangler/assets/css) by extension 'ignore_ament_install'
[0.243s] Level 1:colcon.colcon_core.package_identification:_identify(GrazeMateSite/SkyWrangler/assets/css) by extensions ['colcon_pkg']
[0.243s] Level 1:colcon.colcon_core.package_identification:_identify(GrazeMateSite/SkyWrangler/assets/css) by extension 'colcon_pkg'
[0.243s] Level 1:colcon.colcon_core.package_identification:_identify(GrazeMateSite/SkyWrangler/assets/css) by extensions ['colcon_meta']
[0.243s] Level 1:colcon.colcon_core.package_identification:_identify(GrazeMateSite/SkyWrangler/assets/css) by extension 'colcon_meta'
[0.243s] Level 1:colcon.colcon_core.package_identification:_identify(GrazeMateSite/SkyWrangler/assets/css) by extensions ['ros']
[0.243s] Level 1:colcon.colcon_core.package_identification:_identify(GrazeMateSite/SkyWrangler/assets/css) by extension 'ros'
[0.243s] Level 1:colcon.colcon_core.package_identification:_identify(GrazeMateSite/SkyWrangler/assets/css) by extensions ['cmake', 'python']
[0.243s] Level 1:colcon.colcon_core.package_identification:_identify(GrazeMateSite/SkyWrangler/assets/css) by extension 'cmake'
[0.243s] Level 1:colcon.colcon_core.package_identification:_identify(GrazeMateSite/SkyWrangler/assets/css) by extension 'python'
[0.244s] Level 1:colcon.colcon_core.package_identification:_identify(GrazeMateSite/SkyWrangler/assets/css) by extensions ['python_setup_py']
[0.244s] Level 1:colcon.colcon_core.package_identification:_identify(GrazeMateSite/SkyWrangler/assets/css) by extension 'python_setup_py'
[0.244s] Level 1:colcon.colcon_core.package_identification:_identify(GrazeMateSite/SkyWrangler/assets/img) by extensions ['ignore', 'ignore_ament_install']
[0.244s] Level 1:colcon.colcon_core.package_identification:_identify(GrazeMateSite/SkyWrangler/assets/img) by extension 'ignore'
[0.244s] Level 1:colcon.colcon_core.package_identification:_identify(GrazeMateSite/SkyWrangler/assets/img) by extension 'ignore_ament_install'
[0.244s] Level 1:colcon.colcon_core.package_identification:_identify(GrazeMateSite/SkyWrangler/assets/img) by extensions ['colcon_pkg']
[0.244s] Level 1:colcon.colcon_core.package_identification:_identify(GrazeMateSite/SkyWrangler/assets/img) by extension 'colcon_pkg'
[0.244s] Level 1:colcon.colcon_core.package_identification:_identify(GrazeMateSite/SkyWrangler/assets/img) by extensions ['colcon_meta']
[0.244s] Level 1:colcon.colcon_core.package_identification:_identify(GrazeMateSite/SkyWrangler/assets/img) by extension 'colcon_meta'
[0.244s] Level 1:colcon.colcon_core.package_identification:_identify(GrazeMateSite/SkyWrangler/assets/img) by extensions ['ros']
[0.244s] Level 1:colcon.colcon_core.package_identification:_identify(GrazeMateSite/SkyWrangler/assets/img) by extension 'ros'
[0.244s] Level 1:colcon.colcon_core.package_identification:_identify(GrazeMateSite/SkyWrangler/assets/img) by extensions ['cmake', 'python']
[0.244s] Level 1:colcon.colcon_core.package_identification:_identify(GrazeMateSite/SkyWrangler/assets/img) by extension 'cmake'
[0.244s] Level 1:colcon.colcon_core.package_identification:_identify(GrazeMateSite/SkyWrangler/assets/img) by extension 'python'
[0.244s] Level 1:colcon.colcon_core.package_identification:_identify(GrazeMateSite/SkyWrangler/assets/img) by extensions ['python_setup_py']
[0.244s] Level 1:colcon.colcon_core.package_identification:_identify(GrazeMateSite/SkyWrangler/assets/img) by extension 'python_setup_py'
[0.244s] Level 1:colcon.colcon_core.package_identification:_identify(GrazeMateSite/SkyWrangler/assets/img/blog) by extensions ['ignore', 'ignore_ament_install']
[0.244s] Level 1:colcon.colcon_core.package_identification:_identify(GrazeMateSite/SkyWrangler/assets/img/blog) by extension 'ignore'
[0.244s] Level 1:colcon.colcon_core.package_identification:_identify(GrazeMateSite/SkyWrangler/assets/img/blog) by extension 'ignore_ament_install'
[0.244s] Level 1:colcon.colcon_core.package_identification:_identify(GrazeMateSite/SkyWrangler/assets/img/blog) by extensions ['colcon_pkg']
[0.244s] Level 1:colcon.colcon_core.package_identification:_identify(GrazeMateSite/SkyWrangler/assets/img/blog) by extension 'colcon_pkg'
[0.244s] Level 1:colcon.colcon_core.package_identification:_identify(GrazeMateSite/SkyWrangler/assets/img/blog) by extensions ['colcon_meta']
[0.244s] Level 1:colcon.colcon_core.package_identification:_identify(GrazeMateSite/SkyWrangler/assets/img/blog) by extension 'colcon_meta'
[0.244s] Level 1:colcon.colcon_core.package_identification:_identify(GrazeMateSite/SkyWrangler/assets/img/blog) by extensions ['ros']
[0.244s] Level 1:colcon.colcon_core.package_identification:_identify(GrazeMateSite/SkyWrangler/assets/img/blog) by extension 'ros'
[0.245s] Level 1:colcon.colcon_core.package_identification:_identify(GrazeMateSite/SkyWrangler/assets/img/blog) by extensions ['cmake', 'python']
[0.245s] Level 1:colcon.colcon_core.package_identification:_identify(GrazeMateSite/SkyWrangler/assets/img/blog) by extension 'cmake'
[0.245s] Level 1:colcon.colcon_core.package_identification:_identify(GrazeMateSite/SkyWrangler/assets/img/blog) by extension 'python'
[0.245s] Level 1:colcon.colcon_core.package_identification:_identify(GrazeMateSite/SkyWrangler/assets/img/blog) by extensions ['python_setup_py']
[0.245s] Level 1:colcon.colcon_core.package_identification:_identify(GrazeMateSite/SkyWrangler/assets/img/blog) by extension 'python_setup_py'
[0.245s] Level 1:colcon.colcon_core.package_identification:_identify(GrazeMateSite/SkyWrangler/assets/img/hero-carousel) by extensions ['ignore', 'ignore_ament_install']
[0.245s] Level 1:colcon.colcon_core.package_identification:_identify(GrazeMateSite/SkyWrangler/assets/img/hero-carousel) by extension 'ignore'
[0.245s] Level 1:colcon.colcon_core.package_identification:_identify(GrazeMateSite/SkyWrangler/assets/img/hero-carousel) by extension 'ignore_ament_install'
[0.245s] Level 1:colcon.colcon_core.package_identification:_identify(GrazeMateSite/SkyWrangler/assets/img/hero-carousel) by extensions ['colcon_pkg']
[0.245s] Level 1:colcon.colcon_core.package_identification:_identify(GrazeMateSite/SkyWrangler/assets/img/hero-carousel) by extension 'colcon_pkg'
[0.245s] Level 1:colcon.colcon_core.package_identification:_identify(GrazeMateSite/SkyWrangler/assets/img/hero-carousel) by extensions ['colcon_meta']
[0.245s] Level 1:colcon.colcon_core.package_identification:_identify(GrazeMateSite/SkyWrangler/assets/img/hero-carousel) by extension 'colcon_meta'
[0.245s] Level 1:colcon.colcon_core.package_identification:_identify(GrazeMateSite/SkyWrangler/assets/img/hero-carousel) by extensions ['ros']
[0.245s] Level 1:colcon.colcon_core.package_identification:_identify(GrazeMateSite/SkyWrangler/assets/img/hero-carousel) by extension 'ros'
[0.245s] Level 1:colcon.colcon_core.package_identification:_identify(GrazeMateSite/SkyWrangler/assets/img/hero-carousel) by extensions ['cmake', 'python']
[0.245s] Level 1:colcon.colcon_core.package_identification:_identify(GrazeMateSite/SkyWrangler/assets/img/hero-carousel) by extension 'cmake'
[0.245s] Level 1:colcon.colcon_core.package_identification:_identify(GrazeMateSite/SkyWrangler/assets/img/hero-carousel) by extension 'python'
[0.245s] Level 1:colcon.colcon_core.package_identification:_identify(GrazeMateSite/SkyWrangler/assets/img/hero-carousel) by extensions ['python_setup_py']
[0.245s] Level 1:colcon.colcon_core.package_identification:_identify(GrazeMateSite/SkyWrangler/assets/img/hero-carousel) by extension 'python_setup_py'
[0.245s] Level 1:colcon.colcon_core.package_identification:_identify(GrazeMateSite/SkyWrangler/assets/img/projects) by extensions ['ignore', 'ignore_ament_install']
[0.245s] Level 1:colcon.colcon_core.package_identification:_identify(GrazeMateSite/SkyWrangler/assets/img/projects) by extension 'ignore'
[0.245s] Level 1:colcon.colcon_core.package_identification:_identify(GrazeMateSite/SkyWrangler/assets/img/projects) by extension 'ignore_ament_install'
[0.245s] Level 1:colcon.colcon_core.package_identification:_identify(GrazeMateSite/SkyWrangler/assets/img/projects) by extensions ['colcon_pkg']
[0.245s] Level 1:colcon.colcon_core.package_identification:_identify(GrazeMateSite/SkyWrangler/assets/img/projects) by extension 'colcon_pkg'
[0.245s] Level 1:colcon.colcon_core.package_identification:_identify(GrazeMateSite/SkyWrangler/assets/img/projects) by extensions ['colcon_meta']
[0.245s] Level 1:colcon.colcon_core.package_identification:_identify(GrazeMateSite/SkyWrangler/assets/img/projects) by extension 'colcon_meta'
[0.246s] Level 1:colcon.colcon_core.package_identification:_identify(GrazeMateSite/SkyWrangler/assets/img/projects) by extensions ['ros']
[0.246s] Level 1:colcon.colcon_core.package_identification:_identify(GrazeMateSite/SkyWrangler/assets/img/projects) by extension 'ros'
[0.246s] Level 1:colcon.colcon_core.package_identification:_identify(GrazeMateSite/SkyWrangler/assets/img/projects) by extensions ['cmake', 'python']
[0.246s] Level 1:colcon.colcon_core.package_identification:_identify(GrazeMateSite/SkyWrangler/assets/img/projects) by extension 'cmake'
[0.246s] Level 1:colcon.colcon_core.package_identification:_identify(GrazeMateSite/SkyWrangler/assets/img/projects) by extension 'python'
[0.246s] Level 1:colcon.colcon_core.package_identification:_identify(GrazeMateSite/SkyWrangler/assets/img/projects) by extensions ['python_setup_py']
[0.246s] Level 1:colcon.colcon_core.package_identification:_identify(GrazeMateSite/SkyWrangler/assets/img/projects) by extension 'python_setup_py'
[0.246s] Level 1:colcon.colcon_core.package_identification:_identify(GrazeMateSite/SkyWrangler/assets/img/team) by extensions ['ignore', 'ignore_ament_install']
[0.246s] Level 1:colcon.colcon_core.package_identification:_identify(GrazeMateSite/SkyWrangler/assets/img/team) by extension 'ignore'
[0.246s] Level 1:colcon.colcon_core.package_identification:_identify(GrazeMateSite/SkyWrangler/assets/img/team) by extension 'ignore_ament_install'
[0.246s] Level 1:colcon.colcon_core.package_identification:_identify(GrazeMateSite/SkyWrangler/assets/img/team) by extensions ['colcon_pkg']
[0.246s] Level 1:colcon.colcon_core.package_identification:_identify(GrazeMateSite/SkyWrangler/assets/img/team) by extension 'colcon_pkg'
[0.246s] Level 1:colcon.colcon_core.package_identification:_identify(GrazeMateSite/SkyWrangler/assets/img/team) by extensions ['colcon_meta']
[0.246s] Level 1:colcon.colcon_core.package_identification:_identify(GrazeMateSite/SkyWrangler/assets/img/team) by extension 'colcon_meta'
[0.246s] Level 1:colcon.colcon_core.package_identification:_identify(GrazeMateSite/SkyWrangler/assets/img/team) by extensions ['ros']
[0.246s] Level 1:colcon.colcon_core.package_identification:_identify(GrazeMateSite/SkyWrangler/assets/img/team) by extension 'ros'
[0.246s] Level 1:colcon.colcon_core.package_identification:_identify(GrazeMateSite/SkyWrangler/assets/img/team) by extensions ['cmake', 'python']
[0.246s] Level 1:colcon.colcon_core.package_identification:_identify(GrazeMateSite/SkyWrangler/assets/img/team) by extension 'cmake'
[0.246s] Level 1:colcon.colcon_core.package_identification:_identify(GrazeMateSite/SkyWrangler/assets/img/team) by extension 'python'
[0.246s] Level 1:colcon.colcon_core.package_identification:_identify(GrazeMateSite/SkyWrangler/assets/img/team) by extensions ['python_setup_py']
[0.246s] Level 1:colcon.colcon_core.package_identification:_identify(GrazeMateSite/SkyWrangler/assets/img/team) by extension 'python_setup_py'
[0.246s] Level 1:colcon.colcon_core.package_identification:_identify(GrazeMateSite/SkyWrangler/assets/img/testimonials) by extensions ['ignore', 'ignore_ament_install']
[0.246s] Level 1:colcon.colcon_core.package_identification:_identify(GrazeMateSite/SkyWrangler/assets/img/testimonials) by extension 'ignore'
[0.246s] Level 1:colcon.colcon_core.package_identification:_identify(GrazeMateSite/SkyWrangler/assets/img/testimonials) by extension 'ignore_ament_install'
[0.246s] Level 1:colcon.colcon_core.package_identification:_identify(GrazeMateSite/SkyWrangler/assets/img/testimonials) by extensions ['colcon_pkg']
[0.246s] Level 1:colcon.colcon_core.package_identification:_identify(GrazeMateSite/SkyWrangler/assets/img/testimonials) by extension 'colcon_pkg'
[0.247s] Level 1:colcon.colcon_core.package_identification:_identify(GrazeMateSite/SkyWrangler/assets/img/testimonials) by extensions ['colcon_meta']
[0.247s] Level 1:colcon.colcon_core.package_identification:_identify(GrazeMateSite/SkyWrangler/assets/img/testimonials) by extension 'colcon_meta'
[0.247s] Level 1:colcon.colcon_core.package_identification:_identify(GrazeMateSite/SkyWrangler/assets/img/testimonials) by extensions ['ros']
[0.247s] Level 1:colcon.colcon_core.package_identification:_identify(GrazeMateSite/SkyWrangler/assets/img/testimonials) by extension 'ros'
[0.247s] Level 1:colcon.colcon_core.package_identification:_identify(GrazeMateSite/SkyWrangler/assets/img/testimonials) by extensions ['cmake', 'python']
[0.247s] Level 1:colcon.colcon_core.package_identification:_identify(GrazeMateSite/SkyWrangler/assets/img/testimonials) by extension 'cmake'
[0.247s] Level 1:colcon.colcon_core.package_identification:_identify(GrazeMateSite/SkyWrangler/assets/img/testimonials) by extension 'python'
[0.247s] Level 1:colcon.colcon_core.package_identification:_identify(GrazeMateSite/SkyWrangler/assets/img/testimonials) by extensions ['python_setup_py']
[0.247s] Level 1:colcon.colcon_core.package_identification:_identify(GrazeMateSite/SkyWrangler/assets/img/testimonials) by extension 'python_setup_py'
[0.247s] Level 1:colcon.colcon_core.package_identification:_identify(GrazeMateSite/SkyWrangler/assets/js) by extensions ['ignore', 'ignore_ament_install']
[0.247s] Level 1:colcon.colcon_core.package_identification:_identify(GrazeMateSite/SkyWrangler/assets/js) by extension 'ignore'
[0.247s] Level 1:colcon.colcon_core.package_identification:_identify(GrazeMateSite/SkyWrangler/assets/js) by extension 'ignore_ament_install'
[0.247s] Level 1:colcon.colcon_core.package_identification:_identify(GrazeMateSite/SkyWrangler/assets/js) by extensions ['colcon_pkg']
[0.247s] Level 1:colcon.colcon_core.package_identification:_identify(GrazeMateSite/SkyWrangler/assets/js) by extension 'colcon_pkg'
[0.247s] Level 1:colcon.colcon_core.package_identification:_identify(GrazeMateSite/SkyWrangler/assets/js) by extensions ['colcon_meta']
[0.247s] Level 1:colcon.colcon_core.package_identification:_identify(GrazeMateSite/SkyWrangler/assets/js) by extension 'colcon_meta'
[0.247s] Level 1:colcon.colcon_core.package_identification:_identify(GrazeMateSite/SkyWrangler/assets/js) by extensions ['ros']
[0.247s] Level 1:colcon.colcon_core.package_identification:_identify(GrazeMateSite/SkyWrangler/assets/js) by extension 'ros'
[0.247s] Level 1:colcon.colcon_core.package_identification:_identify(GrazeMateSite/SkyWrangler/assets/js) by extensions ['cmake', 'python']
[0.247s] Level 1:colcon.colcon_core.package_identification:_identify(GrazeMateSite/SkyWrangler/assets/js) by extension 'cmake'
[0.247s] Level 1:colcon.colcon_core.package_identification:_identify(GrazeMateSite/SkyWrangler/assets/js) by extension 'python'
[0.247s] Level 1:colcon.colcon_core.package_identification:_identify(GrazeMateSite/SkyWrangler/assets/js) by extensions ['python_setup_py']
[0.247s] Level 1:colcon.colcon_core.package_identification:_identify(GrazeMateSite/SkyWrangler/assets/js) by extension 'python_setup_py'
[0.247s] Level 1:colcon.colcon_core.package_identification:_identify(GrazeMateSite/SkyWrangler/assets/scss) by extensions ['ignore', 'ignore_ament_install']
[0.247s] Level 1:colcon.colcon_core.package_identification:_identify(GrazeMateSite/SkyWrangler/assets/scss) by extension 'ignore'
[0.247s] Level 1:colcon.colcon_core.package_identification:_identify(GrazeMateSite/SkyWrangler/assets/scss) by extension 'ignore_ament_install'
[0.248s] Level 1:colcon.colcon_core.package_identification:_identify(GrazeMateSite/SkyWrangler/assets/scss) by extensions ['colcon_pkg']
[0.248s] Level 1:colcon.colcon_core.package_identification:_identify(GrazeMateSite/SkyWrangler/assets/scss) by extension 'colcon_pkg'
[0.248s] Level 1:colcon.colcon_core.package_identification:_identify(GrazeMateSite/SkyWrangler/assets/scss) by extensions ['colcon_meta']
[0.248s] Level 1:colcon.colcon_core.package_identification:_identify(GrazeMateSite/SkyWrangler/assets/scss) by extension 'colcon_meta'
[0.248s] Level 1:colcon.colcon_core.package_identification:_identify(GrazeMateSite/SkyWrangler/assets/scss) by extensions ['ros']
[0.248s] Level 1:colcon.colcon_core.package_identification:_identify(GrazeMateSite/SkyWrangler/assets/scss) by extension 'ros'
[0.248s] Level 1:colcon.colcon_core.package_identification:_identify(GrazeMateSite/SkyWrangler/assets/scss) by extensions ['cmake', 'python']
[0.248s] Level 1:colcon.colcon_core.package_identification:_identify(GrazeMateSite/SkyWrangler/assets/scss) by extension 'cmake'
[0.248s] Level 1:colcon.colcon_core.package_identification:_identify(GrazeMateSite/SkyWrangler/assets/scss) by extension 'python'
[0.248s] Level 1:colcon.colcon_core.package_identification:_identify(GrazeMateSite/SkyWrangler/assets/scss) by extensions ['python_setup_py']
[0.248s] Level 1:colcon.colcon_core.package_identification:_identify(GrazeMateSite/SkyWrangler/assets/scss) by extension 'python_setup_py'
[0.248s] Level 1:colcon.colcon_core.package_identification:_identify(GrazeMateSite/SkyWrangler/assets/vendor) by extensions ['ignore', 'ignore_ament_install']
[0.248s] Level 1:colcon.colcon_core.package_identification:_identify(GrazeMateSite/SkyWrangler/assets/vendor) by extension 'ignore'
[0.248s] Level 1:colcon.colcon_core.package_identification:_identify(GrazeMateSite/SkyWrangler/assets/vendor) by extension 'ignore_ament_install'
[0.248s] Level 1:colcon.colcon_core.package_identification:_identify(GrazeMateSite/SkyWrangler/assets/vendor) by extensions ['colcon_pkg']
[0.248s] Level 1:colcon.colcon_core.package_identification:_identify(GrazeMateSite/SkyWrangler/assets/vendor) by extension 'colcon_pkg'
[0.248s] Level 1:colcon.colcon_core.package_identification:_identify(GrazeMateSite/SkyWrangler/assets/vendor) by extensions ['colcon_meta']
[0.248s] Level 1:colcon.colcon_core.package_identification:_identify(GrazeMateSite/SkyWrangler/assets/vendor) by extension 'colcon_meta'
[0.248s] Level 1:colcon.colcon_core.package_identification:_identify(GrazeMateSite/SkyWrangler/assets/vendor) by extensions ['ros']
[0.248s] Level 1:colcon.colcon_core.package_identification:_identify(GrazeMateSite/SkyWrangler/assets/vendor) by extension 'ros'
[0.248s] Level 1:colcon.colcon_core.package_identification:_identify(GrazeMateSite/SkyWrangler/assets/vendor) by extensions ['cmake', 'python']
[0.248s] Level 1:colcon.colcon_core.package_identification:_identify(GrazeMateSite/SkyWrangler/assets/vendor) by extension 'cmake'
[0.248s] Level 1:colcon.colcon_core.package_identification:_identify(GrazeMateSite/SkyWrangler/assets/vendor) by extension 'python'
[0.248s] Level 1:colcon.colcon_core.package_identification:_identify(GrazeMateSite/SkyWrangler/assets/vendor) by extensions ['python_setup_py']
[0.248s] Level 1:colcon.colcon_core.package_identification:_identify(GrazeMateSite/SkyWrangler/assets/vendor) by extension 'python_setup_py'
[0.248s] Level 1:colcon.colcon_core.package_identification:_identify(GrazeMateSite/SkyWrangler/assets/vendor/aos) by extensions ['ignore', 'ignore_ament_install']
[0.249s] Level 1:colcon.colcon_core.package_identification:_identify(GrazeMateSite/SkyWrangler/assets/vendor/aos) by extension 'ignore'
[0.249s] Level 1:colcon.colcon_core.package_identification:_identify(GrazeMateSite/SkyWrangler/assets/vendor/aos) by extension 'ignore_ament_install'
[0.249s] Level 1:colcon.colcon_core.package_identification:_identify(GrazeMateSite/SkyWrangler/assets/vendor/aos) by extensions ['colcon_pkg']
[0.249s] Level 1:colcon.colcon_core.package_identification:_identify(GrazeMateSite/SkyWrangler/assets/vendor/aos) by extension 'colcon_pkg'
[0.249s] Level 1:colcon.colcon_core.package_identification:_identify(GrazeMateSite/SkyWrangler/assets/vendor/aos) by extensions ['colcon_meta']
[0.249s] Level 1:colcon.colcon_core.package_identification:_identify(GrazeMateSite/SkyWrangler/assets/vendor/aos) by extension 'colcon_meta'
[0.249s] Level 1:colcon.colcon_core.package_identification:_identify(GrazeMateSite/SkyWrangler/assets/vendor/aos) by extensions ['ros']
[0.249s] Level 1:colcon.colcon_core.package_identification:_identify(GrazeMateSite/SkyWrangler/assets/vendor/aos) by extension 'ros'
[0.249s] Level 1:colcon.colcon_core.package_identification:_identify(GrazeMateSite/SkyWrangler/assets/vendor/aos) by extensions ['cmake', 'python']
[0.249s] Level 1:colcon.colcon_core.package_identification:_identify(GrazeMateSite/SkyWrangler/assets/vendor/aos) by extension 'cmake'
[0.249s] Level 1:colcon.colcon_core.package_identification:_identify(GrazeMateSite/SkyWrangler/assets/vendor/aos) by extension 'python'
[0.249s] Level 1:colcon.colcon_core.package_identification:_identify(GrazeMateSite/SkyWrangler/assets/vendor/aos) by extensions ['python_setup_py']
[0.249s] Level 1:colcon.colcon_core.package_identification:_identify(GrazeMateSite/SkyWrangler/assets/vendor/aos) by extension 'python_setup_py'
[0.249s] Level 1:colcon.colcon_core.package_identification:_identify(GrazeMateSite/SkyWrangler/assets/vendor/bootstrap) by extensions ['ignore', 'ignore_ament_install']
[0.249s] Level 1:colcon.colcon_core.package_identification:_identify(GrazeMateSite/SkyWrangler/assets/vendor/bootstrap) by extension 'ignore'
[0.249s] Level 1:colcon.colcon_core.package_identification:_identify(GrazeMateSite/SkyWrangler/assets/vendor/bootstrap) by extension 'ignore_ament_install'
[0.249s] Level 1:colcon.colcon_core.package_identification:_identify(GrazeMateSite/SkyWrangler/assets/vendor/bootstrap) by extensions ['colcon_pkg']
[0.249s] Level 1:colcon.colcon_core.package_identification:_identify(GrazeMateSite/SkyWrangler/assets/vendor/bootstrap) by extension 'colcon_pkg'
[0.249s] Level 1:colcon.colcon_core.package_identification:_identify(GrazeMateSite/SkyWrangler/assets/vendor/bootstrap) by extensions ['colcon_meta']
[0.249s] Level 1:colcon.colcon_core.package_identification:_identify(GrazeMateSite/SkyWrangler/assets/vendor/bootstrap) by extension 'colcon_meta'
[0.249s] Level 1:colcon.colcon_core.package_identification:_identify(GrazeMateSite/SkyWrangler/assets/vendor/bootstrap) by extensions ['ros']
[0.249s] Level 1:colcon.colcon_core.package_identification:_identify(GrazeMateSite/SkyWrangler/assets/vendor/bootstrap) by extension 'ros'
[0.249s] Level 1:colcon.colcon_core.package_identification:_identify(GrazeMateSite/SkyWrangler/assets/vendor/bootstrap) by extensions ['cmake', 'python']
[0.249s] Level 1:colcon.colcon_core.package_identification:_identify(GrazeMateSite/SkyWrangler/assets/vendor/bootstrap) by extension 'cmake'
[0.249s] Level 1:colcon.colcon_core.package_identification:_identify(GrazeMateSite/SkyWrangler/assets/vendor/bootstrap) by extension 'python'
[0.249s] Level 1:colcon.colcon_core.package_identification:_identify(GrazeMateSite/SkyWrangler/assets/vendor/bootstrap) by extensions ['python_setup_py']
[0.249s] Level 1:colcon.colcon_core.package_identification:_identify(GrazeMateSite/SkyWrangler/assets/vendor/bootstrap) by extension 'python_setup_py'
[0.250s] Level 1:colcon.colcon_core.package_identification:_identify(GrazeMateSite/SkyWrangler/assets/vendor/bootstrap/css) by extensions ['ignore', 'ignore_ament_install']
[0.250s] Level 1:colcon.colcon_core.package_identification:_identify(GrazeMateSite/SkyWrangler/assets/vendor/bootstrap/css) by extension 'ignore'
[0.250s] Level 1:colcon.colcon_core.package_identification:_identify(GrazeMateSite/SkyWrangler/assets/vendor/bootstrap/css) by extension 'ignore_ament_install'
[0.250s] Level 1:colcon.colcon_core.package_identification:_identify(GrazeMateSite/SkyWrangler/assets/vendor/bootstrap/css) by extensions ['colcon_pkg']
[0.250s] Level 1:colcon.colcon_core.package_identification:_identify(GrazeMateSite/SkyWrangler/assets/vendor/bootstrap/css) by extension 'colcon_pkg'
[0.250s] Level 1:colcon.colcon_core.package_identification:_identify(GrazeMateSite/SkyWrangler/assets/vendor/bootstrap/css) by extensions ['colcon_meta']
[0.250s] Level 1:colcon.colcon_core.package_identification:_identify(GrazeMateSite/SkyWrangler/assets/vendor/bootstrap/css) by extension 'colcon_meta'
[0.250s] Level 1:colcon.colcon_core.package_identification:_identify(GrazeMateSite/SkyWrangler/assets/vendor/bootstrap/css) by extensions ['ros']
[0.250s] Level 1:colcon.colcon_core.package_identification:_identify(GrazeMateSite/SkyWrangler/assets/vendor/bootstrap/css) by extension 'ros'
[0.250s] Level 1:colcon.colcon_core.package_identification:_identify(GrazeMateSite/SkyWrangler/assets/vendor/bootstrap/css) by extensions ['cmake', 'python']
[0.250s] Level 1:colcon.colcon_core.package_identification:_identify(GrazeMateSite/SkyWrangler/assets/vendor/bootstrap/css) by extension 'cmake'
[0.250s] Level 1:colcon.colcon_core.package_identification:_identify(GrazeMateSite/SkyWrangler/assets/vendor/bootstrap/css) by extension 'python'
[0.250s] Level 1:colcon.colcon_core.package_identification:_identify(GrazeMateSite/SkyWrangler/assets/vendor/bootstrap/css) by extensions ['python_setup_py']
[0.250s] Level 1:colcon.colcon_core.package_identification:_identify(GrazeMateSite/SkyWrangler/assets/vendor/bootstrap/css) by extension 'python_setup_py'
[0.250s] Level 1:colcon.colcon_core.package_identification:_identify(GrazeMateSite/SkyWrangler/assets/vendor/bootstrap/js) by extensions ['ignore', 'ignore_ament_install']
[0.250s] Level 1:colcon.colcon_core.package_identification:_identify(GrazeMateSite/SkyWrangler/assets/vendor/bootstrap/js) by extension 'ignore'
[0.250s] Level 1:colcon.colcon_core.package_identification:_identify(GrazeMateSite/SkyWrangler/assets/vendor/bootstrap/js) by extension 'ignore_ament_install'
[0.250s] Level 1:colcon.colcon_core.package_identification:_identify(GrazeMateSite/SkyWrangler/assets/vendor/bootstrap/js) by extensions ['colcon_pkg']
[0.250s] Level 1:colcon.colcon_core.package_identification:_identify(GrazeMateSite/SkyWrangler/assets/vendor/bootstrap/js) by extension 'colcon_pkg'
[0.250s] Level 1:colcon.colcon_core.package_identification:_identify(GrazeMateSite/SkyWrangler/assets/vendor/bootstrap/js) by extensions ['colcon_meta']
[0.250s] Level 1:colcon.colcon_core.package_identification:_identify(GrazeMateSite/SkyWrangler/assets/vendor/bootstrap/js) by extension 'colcon_meta'
[0.250s] Level 1:colcon.colcon_core.package_identification:_identify(GrazeMateSite/SkyWrangler/assets/vendor/bootstrap/js) by extensions ['ros']
[0.250s] Level 1:colcon.colcon_core.package_identification:_identify(GrazeMateSite/SkyWrangler/assets/vendor/bootstrap/js) by extension 'ros'
[0.250s] Level 1:colcon.colcon_core.package_identification:_identify(GrazeMateSite/SkyWrangler/assets/vendor/bootstrap/js) by extensions ['cmake', 'python']
[0.250s] Level 1:colcon.colcon_core.package_identification:_identify(GrazeMateSite/SkyWrangler/assets/vendor/bootstrap/js) by extension 'cmake'
[0.250s] Level 1:colcon.colcon_core.package_identification:_identify(GrazeMateSite/SkyWrangler/assets/vendor/bootstrap/js) by extension 'python'
[0.251s] Level 1:colcon.colcon_core.package_identification:_identify(GrazeMateSite/SkyWrangler/assets/vendor/bootstrap/js) by extensions ['python_setup_py']
[0.251s] Level 1:colcon.colcon_core.package_identification:_identify(GrazeMateSite/SkyWrangler/assets/vendor/bootstrap/js) by extension 'python_setup_py'
[0.251s] Level 1:colcon.colcon_core.package_identification:_identify(GrazeMateSite/SkyWrangler/assets/vendor/bootstrap-icons) by extensions ['ignore', 'ignore_ament_install']
[0.251s] Level 1:colcon.colcon_core.package_identification:_identify(GrazeMateSite/SkyWrangler/assets/vendor/bootstrap-icons) by extension 'ignore'
[0.251s] Level 1:colcon.colcon_core.package_identification:_identify(GrazeMateSite/SkyWrangler/assets/vendor/bootstrap-icons) by extension 'ignore_ament_install'
[0.251s] Level 1:colcon.colcon_core.package_identification:_identify(GrazeMateSite/SkyWrangler/assets/vendor/bootstrap-icons) by extensions ['colcon_pkg']
[0.251s] Level 1:colcon.colcon_core.package_identification:_identify(GrazeMateSite/SkyWrangler/assets/vendor/bootstrap-icons) by extension 'colcon_pkg'
[0.251s] Level 1:colcon.colcon_core.package_identification:_identify(GrazeMateSite/SkyWrangler/assets/vendor/bootstrap-icons) by extensions ['colcon_meta']
[0.251s] Level 1:colcon.colcon_core.package_identification:_identify(GrazeMateSite/SkyWrangler/assets/vendor/bootstrap-icons) by extension 'colcon_meta'
[0.251s] Level 1:colcon.colcon_core.package_identification:_identify(GrazeMateSite/SkyWrangler/assets/vendor/bootstrap-icons) by extensions ['ros']
[0.251s] Level 1:colcon.colcon_core.package_identification:_identify(GrazeMateSite/SkyWrangler/assets/vendor/bootstrap-icons) by extension 'ros'
[0.251s] Level 1:colcon.colcon_core.package_identification:_identify(GrazeMateSite/SkyWrangler/assets/vendor/bootstrap-icons) by extensions ['cmake', 'python']
[0.251s] Level 1:colcon.colcon_core.package_identification:_identify(GrazeMateSite/SkyWrangler/assets/vendor/bootstrap-icons) by extension 'cmake'
[0.251s] Level 1:colcon.colcon_core.package_identification:_identify(GrazeMateSite/SkyWrangler/assets/vendor/bootstrap-icons) by extension 'python'
[0.251s] Level 1:colcon.colcon_core.package_identification:_identify(GrazeMateSite/SkyWrangler/assets/vendor/bootstrap-icons) by extensions ['python_setup_py']
[0.251s] Level 1:colcon.colcon_core.package_identification:_identify(GrazeMateSite/SkyWrangler/assets/vendor/bootstrap-icons) by extension 'python_setup_py'
[0.251s] Level 1:colcon.colcon_core.package_identification:_identify(GrazeMateSite/SkyWrangler/assets/vendor/bootstrap-icons/fonts) by extensions ['ignore', 'ignore_ament_install']
[0.251s] Level 1:colcon.colcon_core.package_identification:_identify(GrazeMateSite/SkyWrangler/assets/vendor/bootstrap-icons/fonts) by extension 'ignore'
[0.251s] Level 1:colcon.colcon_core.package_identification:_identify(GrazeMateSite/SkyWrangler/assets/vendor/bootstrap-icons/fonts) by extension 'ignore_ament_install'
[0.251s] Level 1:colcon.colcon_core.package_identification:_identify(GrazeMateSite/SkyWrangler/assets/vendor/bootstrap-icons/fonts) by extensions ['colcon_pkg']
[0.251s] Level 1:colcon.colcon_core.package_identification:_identify(GrazeMateSite/SkyWrangler/assets/vendor/bootstrap-icons/fonts) by extension 'colcon_pkg'
[0.251s] Level 1:colcon.colcon_core.package_identification:_identify(GrazeMateSite/SkyWrangler/assets/vendor/bootstrap-icons/fonts) by extensions ['colcon_meta']
[0.251s] Level 1:colcon.colcon_core.package_identification:_identify(GrazeMateSite/SkyWrangler/assets/vendor/bootstrap-icons/fonts) by extension 'colcon_meta'
[0.251s] Level 1:colcon.colcon_core.package_identification:_identify(GrazeMateSite/SkyWrangler/assets/vendor/bootstrap-icons/fonts) by extensions ['ros']
[0.251s] Level 1:colcon.colcon_core.package_identification:_identify(GrazeMateSite/SkyWrangler/assets/vendor/bootstrap-icons/fonts) by extension 'ros'
[0.251s] Level 1:colcon.colcon_core.package_identification:_identify(GrazeMateSite/SkyWrangler/assets/vendor/bootstrap-icons/fonts) by extensions ['cmake', 'python']
[0.252s] Level 1:colcon.colcon_core.package_identification:_identify(GrazeMateSite/SkyWrangler/assets/vendor/bootstrap-icons/fonts) by extension 'cmake'
[0.252s] Level 1:colcon.colcon_core.package_identification:_identify(GrazeMateSite/SkyWrangler/assets/vendor/bootstrap-icons/fonts) by extension 'python'
[0.252s] Level 1:colcon.colcon_core.package_identification:_identify(GrazeMateSite/SkyWrangler/assets/vendor/bootstrap-icons/fonts) by extensions ['python_setup_py']
[0.252s] Level 1:colcon.colcon_core.package_identification:_identify(GrazeMateSite/SkyWrangler/assets/vendor/bootstrap-icons/fonts) by extension 'python_setup_py'
[0.252s] Level 1:colcon.colcon_core.package_identification:_identify(GrazeMateSite/SkyWrangler/assets/vendor/fontawesome-free) by extensions ['ignore', 'ignore_ament_install']
[0.252s] Level 1:colcon.colcon_core.package_identification:_identify(GrazeMateSite/SkyWrangler/assets/vendor/fontawesome-free) by extension 'ignore'
[0.252s] Level 1:colcon.colcon_core.package_identification:_identify(GrazeMateSite/SkyWrangler/assets/vendor/fontawesome-free) by extension 'ignore_ament_install'
[0.252s] Level 1:colcon.colcon_core.package_identification:_identify(GrazeMateSite/SkyWrangler/assets/vendor/fontawesome-free) by extensions ['colcon_pkg']
[0.252s] Level 1:colcon.colcon_core.package_identification:_identify(GrazeMateSite/SkyWrangler/assets/vendor/fontawesome-free) by extension 'colcon_pkg'
[0.252s] Level 1:colcon.colcon_core.package_identification:_identify(GrazeMateSite/SkyWrangler/assets/vendor/fontawesome-free) by extensions ['colcon_meta']
[0.252s] Level 1:colcon.colcon_core.package_identification:_identify(GrazeMateSite/SkyWrangler/assets/vendor/fontawesome-free) by extension 'colcon_meta'
[0.252s] Level 1:colcon.colcon_core.package_identification:_identify(GrazeMateSite/SkyWrangler/assets/vendor/fontawesome-free) by extensions ['ros']
[0.252s] Level 1:colcon.colcon_core.package_identification:_identify(GrazeMateSite/SkyWrangler/assets/vendor/fontawesome-free) by extension 'ros'
[0.252s] Level 1:colcon.colcon_core.package_identification:_identify(GrazeMateSite/SkyWrangler/assets/vendor/fontawesome-free) by extensions ['cmake', 'python']
[0.252s] Level 1:colcon.colcon_core.package_identification:_identify(GrazeMateSite/SkyWrangler/assets/vendor/fontawesome-free) by extension 'cmake'
[0.252s] Level 1:colcon.colcon_core.package_identification:_identify(GrazeMateSite/SkyWrangler/assets/vendor/fontawesome-free) by extension 'python'
[0.252s] Level 1:colcon.colcon_core.package_identification:_identify(GrazeMateSite/SkyWrangler/assets/vendor/fontawesome-free) by extensions ['python_setup_py']
[0.252s] Level 1:colcon.colcon_core.package_identification:_identify(GrazeMateSite/SkyWrangler/assets/vendor/fontawesome-free) by extension 'python_setup_py'
[0.252s] Level 1:colcon.colcon_core.package_identification:_identify(GrazeMateSite/SkyWrangler/assets/vendor/fontawesome-free/css) by extensions ['ignore', 'ignore_ament_install']
[0.252s] Level 1:colcon.colcon_core.package_identification:_identify(GrazeMateSite/SkyWrangler/assets/vendor/fontawesome-free/css) by extension 'ignore'
[0.252s] Level 1:colcon.colcon_core.package_identification:_identify(GrazeMateSite/SkyWrangler/assets/vendor/fontawesome-free/css) by extension 'ignore_ament_install'
[0.252s] Level 1:colcon.colcon_core.package_identification:_identify(GrazeMateSite/SkyWrangler/assets/vendor/fontawesome-free/css) by extensions ['colcon_pkg']
[0.252s] Level 1:colcon.colcon_core.package_identification:_identify(GrazeMateSite/SkyWrangler/assets/vendor/fontawesome-free/css) by extension 'colcon_pkg'
[0.252s] Level 1:colcon.colcon_core.package_identification:_identify(GrazeMateSite/SkyWrangler/assets/vendor/fontawesome-free/css) by extensions ['colcon_meta']
[0.252s] Level 1:colcon.colcon_core.package_identification:_identify(GrazeMateSite/SkyWrangler/assets/vendor/fontawesome-free/css) by extension 'colcon_meta'
[0.252s] Level 1:colcon.colcon_core.package_identification:_identify(GrazeMateSite/SkyWrangler/assets/vendor/fontawesome-free/css) by extensions ['ros']
[0.253s] Level 1:colcon.colcon_core.package_identification:_identify(GrazeMateSite/SkyWrangler/assets/vendor/fontawesome-free/css) by extension 'ros'
[0.253s] Level 1:colcon.colcon_core.package_identification:_identify(GrazeMateSite/SkyWrangler/assets/vendor/fontawesome-free/css) by extensions ['cmake', 'python']
[0.253s] Level 1:colcon.colcon_core.package_identification:_identify(GrazeMateSite/SkyWrangler/assets/vendor/fontawesome-free/css) by extension 'cmake'
[0.253s] Level 1:colcon.colcon_core.package_identification:_identify(GrazeMateSite/SkyWrangler/assets/vendor/fontawesome-free/css) by extension 'python'
[0.253s] Level 1:colcon.colcon_core.package_identification:_identify(GrazeMateSite/SkyWrangler/assets/vendor/fontawesome-free/css) by extensions ['python_setup_py']
[0.253s] Level 1:colcon.colcon_core.package_identification:_identify(GrazeMateSite/SkyWrangler/assets/vendor/fontawesome-free/css) by extension 'python_setup_py'
[0.253s] Level 1:colcon.colcon_core.package_identification:_identify(GrazeMateSite/SkyWrangler/assets/vendor/fontawesome-free/webfonts) by extensions ['ignore', 'ignore_ament_install']
[0.253s] Level 1:colcon.colcon_core.package_identification:_identify(GrazeMateSite/SkyWrangler/assets/vendor/fontawesome-free/webfonts) by extension 'ignore'
[0.253s] Level 1:colcon.colcon_core.package_identification:_identify(GrazeMateSite/SkyWrangler/assets/vendor/fontawesome-free/webfonts) by extension 'ignore_ament_install'
[0.253s] Level 1:colcon.colcon_core.package_identification:_identify(GrazeMateSite/SkyWrangler/assets/vendor/fontawesome-free/webfonts) by extensions ['colcon_pkg']
[0.253s] Level 1:colcon.colcon_core.package_identification:_identify(GrazeMateSite/SkyWrangler/assets/vendor/fontawesome-free/webfonts) by extension 'colcon_pkg'
[0.253s] Level 1:colcon.colcon_core.package_identification:_identify(GrazeMateSite/SkyWrangler/assets/vendor/fontawesome-free/webfonts) by extensions ['colcon_meta']
[0.253s] Level 1:colcon.colcon_core.package_identification:_identify(GrazeMateSite/SkyWrangler/assets/vendor/fontawesome-free/webfonts) by extension 'colcon_meta'
[0.253s] Level 1:colcon.colcon_core.package_identification:_identify(GrazeMateSite/SkyWrangler/assets/vendor/fontawesome-free/webfonts) by extensions ['ros']
[0.253s] Level 1:colcon.colcon_core.package_identification:_identify(GrazeMateSite/SkyWrangler/assets/vendor/fontawesome-free/webfonts) by extension 'ros'
[0.253s] Level 1:colcon.colcon_core.package_identification:_identify(GrazeMateSite/SkyWrangler/assets/vendor/fontawesome-free/webfonts) by extensions ['cmake', 'python']
[0.253s] Level 1:colcon.colcon_core.package_identification:_identify(GrazeMateSite/SkyWrangler/assets/vendor/fontawesome-free/webfonts) by extension 'cmake'
[0.253s] Level 1:colcon.colcon_core.package_identification:_identify(GrazeMateSite/SkyWrangler/assets/vendor/fontawesome-free/webfonts) by extension 'python'
[0.253s] Level 1:colcon.colcon_core.package_identification:_identify(GrazeMateSite/SkyWrangler/assets/vendor/fontawesome-free/webfonts) by extensions ['python_setup_py']
[0.253s] Level 1:colcon.colcon_core.package_identification:_identify(GrazeMateSite/SkyWrangler/assets/vendor/fontawesome-free/webfonts) by extension 'python_setup_py'
[0.253s] Level 1:colcon.colcon_core.package_identification:_identify(GrazeMateSite/SkyWrangler/assets/vendor/glightbox) by extensions ['ignore', 'ignore_ament_install']
[0.253s] Level 1:colcon.colcon_core.package_identification:_identify(GrazeMateSite/SkyWrangler/assets/vendor/glightbox) by extension 'ignore'
[0.253s] Level 1:colcon.colcon_core.package_identification:_identify(GrazeMateSite/SkyWrangler/assets/vendor/glightbox) by extension 'ignore_ament_install'
[0.253s] Level 1:colcon.colcon_core.package_identification:_identify(GrazeMateSite/SkyWrangler/assets/vendor/glightbox) by extensions ['colcon_pkg']
[0.253s] Level 1:colcon.colcon_core.package_identification:_identify(GrazeMateSite/SkyWrangler/assets/vendor/glightbox) by extension 'colcon_pkg'
[0.254s] Level 1:colcon.colcon_core.package_identification:_identify(GrazeMateSite/SkyWrangler/assets/vendor/glightbox) by extensions ['colcon_meta']
[0.254s] Level 1:colcon.colcon_core.package_identification:_identify(GrazeMateSite/SkyWrangler/assets/vendor/glightbox) by extension 'colcon_meta'
[0.254s] Level 1:colcon.colcon_core.package_identification:_identify(GrazeMateSite/SkyWrangler/assets/vendor/glightbox) by extensions ['ros']
[0.254s] Level 1:colcon.colcon_core.package_identification:_identify(GrazeMateSite/SkyWrangler/assets/vendor/glightbox) by extension 'ros'
[0.254s] Level 1:colcon.colcon_core.package_identification:_identify(GrazeMateSite/SkyWrangler/assets/vendor/glightbox) by extensions ['cmake', 'python']
[0.254s] Level 1:colcon.colcon_core.package_identification:_identify(GrazeMateSite/SkyWrangler/assets/vendor/glightbox) by extension 'cmake'
[0.254s] Level 1:colcon.colcon_core.package_identification:_identify(GrazeMateSite/SkyWrangler/assets/vendor/glightbox) by extension 'python'
[0.254s] Level 1:colcon.colcon_core.package_identification:_identify(GrazeMateSite/SkyWrangler/assets/vendor/glightbox) by extensions ['python_setup_py']
[0.254s] Level 1:colcon.colcon_core.package_identification:_identify(GrazeMateSite/SkyWrangler/assets/vendor/glightbox) by extension 'python_setup_py'
[0.254s] Level 1:colcon.colcon_core.package_identification:_identify(GrazeMateSite/SkyWrangler/assets/vendor/glightbox/css) by extensions ['ignore', 'ignore_ament_install']
[0.254s] Level 1:colcon.colcon_core.package_identification:_identify(GrazeMateSite/SkyWrangler/assets/vendor/glightbox/css) by extension 'ignore'
[0.254s] Level 1:colcon.colcon_core.package_identification:_identify(GrazeMateSite/SkyWrangler/assets/vendor/glightbox/css) by extension 'ignore_ament_install'
[0.254s] Level 1:colcon.colcon_core.package_identification:_identify(GrazeMateSite/SkyWrangler/assets/vendor/glightbox/css) by extensions ['colcon_pkg']
[0.254s] Level 1:colcon.colcon_core.package_identification:_identify(GrazeMateSite/SkyWrangler/assets/vendor/glightbox/css) by extension 'colcon_pkg'
[0.254s] Level 1:colcon.colcon_core.package_identification:_identify(GrazeMateSite/SkyWrangler/assets/vendor/glightbox/css) by extensions ['colcon_meta']
[0.254s] Level 1:colcon.colcon_core.package_identification:_identify(GrazeMateSite/SkyWrangler/assets/vendor/glightbox/css) by extension 'colcon_meta'
[0.254s] Level 1:colcon.colcon_core.package_identification:_identify(GrazeMateSite/SkyWrangler/assets/vendor/glightbox/css) by extensions ['ros']
[0.254s] Level 1:colcon.colcon_core.package_identification:_identify(GrazeMateSite/SkyWrangler/assets/vendor/glightbox/css) by extension 'ros'
[0.254s] Level 1:colcon.colcon_core.package_identification:_identify(GrazeMateSite/SkyWrangler/assets/vendor/glightbox/css) by extensions ['cmake', 'python']
[0.254s] Level 1:colcon.colcon_core.package_identification:_identify(GrazeMateSite/SkyWrangler/assets/vendor/glightbox/css) by extension 'cmake'
[0.254s] Level 1:colcon.colcon_core.package_identification:_identify(GrazeMateSite/SkyWrangler/assets/vendor/glightbox/css) by extension 'python'
[0.254s] Level 1:colcon.colcon_core.package_identification:_identify(GrazeMateSite/SkyWrangler/assets/vendor/glightbox/css) by extensions ['python_setup_py']
[0.254s] Level 1:colcon.colcon_core.package_identification:_identify(GrazeMateSite/SkyWrangler/assets/vendor/glightbox/css) by extension 'python_setup_py'
[0.254s] Level 1:colcon.colcon_core.package_identification:_identify(GrazeMateSite/SkyWrangler/assets/vendor/glightbox/js) by extensions ['ignore', 'ignore_ament_install']
[0.254s] Level 1:colcon.colcon_core.package_identification:_identify(GrazeMateSite/SkyWrangler/assets/vendor/glightbox/js) by extension 'ignore'
[0.254s] Level 1:colcon.colcon_core.package_identification:_identify(GrazeMateSite/SkyWrangler/assets/vendor/glightbox/js) by extension 'ignore_ament_install'
[0.255s] Level 1:colcon.colcon_core.package_identification:_identify(GrazeMateSite/SkyWrangler/assets/vendor/glightbox/js) by extensions ['colcon_pkg']
[0.255s] Level 1:colcon.colcon_core.package_identification:_identify(GrazeMateSite/SkyWrangler/assets/vendor/glightbox/js) by extension 'colcon_pkg'
[0.255s] Level 1:colcon.colcon_core.package_identification:_identify(GrazeMateSite/SkyWrangler/assets/vendor/glightbox/js) by extensions ['colcon_meta']
[0.255s] Level 1:colcon.colcon_core.package_identification:_identify(GrazeMateSite/SkyWrangler/assets/vendor/glightbox/js) by extension 'colcon_meta'
[0.255s] Level 1:colcon.colcon_core.package_identification:_identify(GrazeMateSite/SkyWrangler/assets/vendor/glightbox/js) by extensions ['ros']
[0.255s] Level 1:colcon.colcon_core.package_identification:_identify(GrazeMateSite/SkyWrangler/assets/vendor/glightbox/js) by extension 'ros'
[0.255s] Level 1:colcon.colcon_core.package_identification:_identify(GrazeMateSite/SkyWrangler/assets/vendor/glightbox/js) by extensions ['cmake', 'python']
[0.255s] Level 1:colcon.colcon_core.package_identification:_identify(GrazeMateSite/SkyWrangler/assets/vendor/glightbox/js) by extension 'cmake'
[0.255s] Level 1:colcon.colcon_core.package_identification:_identify(GrazeMateSite/SkyWrangler/assets/vendor/glightbox/js) by extension 'python'
[0.255s] Level 1:colcon.colcon_core.package_identification:_identify(GrazeMateSite/SkyWrangler/assets/vendor/glightbox/js) by extensions ['python_setup_py']
[0.255s] Level 1:colcon.colcon_core.package_identification:_identify(GrazeMateSite/SkyWrangler/assets/vendor/glightbox/js) by extension 'python_setup_py'
[0.255s] Level 1:colcon.colcon_core.package_identification:_identify(GrazeMateSite/SkyWrangler/assets/vendor/isotope-layout) by extensions ['ignore', 'ignore_ament_install']
[0.255s] Level 1:colcon.colcon_core.package_identification:_identify(GrazeMateSite/SkyWrangler/assets/vendor/isotope-layout) by extension 'ignore'
[0.255s] Level 1:colcon.colcon_core.package_identification:_identify(GrazeMateSite/SkyWrangler/assets/vendor/isotope-layout) by extension 'ignore_ament_install'
[0.255s] Level 1:colcon.colcon_core.package_identification:_identify(GrazeMateSite/SkyWrangler/assets/vendor/isotope-layout) by extensions ['colcon_pkg']
[0.255s] Level 1:colcon.colcon_core.package_identification:_identify(GrazeMateSite/SkyWrangler/assets/vendor/isotope-layout) by extension 'colcon_pkg'
[0.255s] Level 1:colcon.colcon_core.package_identification:_identify(GrazeMateSite/SkyWrangler/assets/vendor/isotope-layout) by extensions ['colcon_meta']
[0.255s] Level 1:colcon.colcon_core.package_identification:_identify(GrazeMateSite/SkyWrangler/assets/vendor/isotope-layout) by extension 'colcon_meta'
[0.255s] Level 1:colcon.colcon_core.package_identification:_identify(GrazeMateSite/SkyWrangler/assets/vendor/isotope-layout) by extensions ['ros']
[0.255s] Level 1:colcon.colcon_core.package_identification:_identify(GrazeMateSite/SkyWrangler/assets/vendor/isotope-layout) by extension 'ros'
[0.255s] Level 1:colcon.colcon_core.package_identification:_identify(GrazeMateSite/SkyWrangler/assets/vendor/isotope-layout) by extensions ['cmake', 'python']
[0.255s] Level 1:colcon.colcon_core.package_identification:_identify(GrazeMateSite/SkyWrangler/assets/vendor/isotope-layout) by extension 'cmake'
[0.255s] Level 1:colcon.colcon_core.package_identification:_identify(GrazeMateSite/SkyWrangler/assets/vendor/isotope-layout) by extension 'python'
[0.255s] Level 1:colcon.colcon_core.package_identification:_identify(GrazeMateSite/SkyWrangler/assets/vendor/isotope-layout) by extensions ['python_setup_py']
[0.255s] Level 1:colcon.colcon_core.package_identification:_identify(GrazeMateSite/SkyWrangler/assets/vendor/isotope-layout) by extension 'python_setup_py'
[0.255s] Level 1:colcon.colcon_core.package_identification:_identify(GrazeMateSite/SkyWrangler/assets/vendor/php-email-form) by extensions ['ignore', 'ignore_ament_install']
[0.256s] Level 1:colcon.colcon_core.package_identification:_identify(GrazeMateSite/SkyWrangler/assets/vendor/php-email-form) by extension 'ignore'
[0.256s] Level 1:colcon.colcon_core.package_identification:_identify(GrazeMateSite/SkyWrangler/assets/vendor/php-email-form) by extension 'ignore_ament_install'
[0.256s] Level 1:colcon.colcon_core.package_identification:_identify(GrazeMateSite/SkyWrangler/assets/vendor/php-email-form) by extensions ['colcon_pkg']
[0.256s] Level 1:colcon.colcon_core.package_identification:_identify(GrazeMateSite/SkyWrangler/assets/vendor/php-email-form) by extension 'colcon_pkg'
[0.256s] Level 1:colcon.colcon_core.package_identification:_identify(GrazeMateSite/SkyWrangler/assets/vendor/php-email-form) by extensions ['colcon_meta']
[0.256s] Level 1:colcon.colcon_core.package_identification:_identify(GrazeMateSite/SkyWrangler/assets/vendor/php-email-form) by extension 'colcon_meta'
[0.256s] Level 1:colcon.colcon_core.package_identification:_identify(GrazeMateSite/SkyWrangler/assets/vendor/php-email-form) by extensions ['ros']
[0.256s] Level 1:colcon.colcon_core.package_identification:_identify(GrazeMateSite/SkyWrangler/assets/vendor/php-email-form) by extension 'ros'
[0.256s] Level 1:colcon.colcon_core.package_identification:_identify(GrazeMateSite/SkyWrangler/assets/vendor/php-email-form) by extensions ['cmake', 'python']
[0.256s] Level 1:colcon.colcon_core.package_identification:_identify(GrazeMateSite/SkyWrangler/assets/vendor/php-email-form) by extension 'cmake'
[0.256s] Level 1:colcon.colcon_core.package_identification:_identify(GrazeMateSite/SkyWrangler/assets/vendor/php-email-form) by extension 'python'
[0.256s] Level 1:colcon.colcon_core.package_identification:_identify(GrazeMateSite/SkyWrangler/assets/vendor/php-email-form) by extensions ['python_setup_py']
[0.256s] Level 1:colcon.colcon_core.package_identification:_identify(GrazeMateSite/SkyWrangler/assets/vendor/php-email-form) by extension 'python_setup_py'
[0.256s] Level 1:colcon.colcon_core.package_identification:_identify(GrazeMateSite/SkyWrangler/assets/vendor/purecounter) by extensions ['ignore', 'ignore_ament_install']
[0.256s] Level 1:colcon.colcon_core.package_identification:_identify(GrazeMateSite/SkyWrangler/assets/vendor/purecounter) by extension 'ignore'
[0.256s] Level 1:colcon.colcon_core.package_identification:_identify(GrazeMateSite/SkyWrangler/assets/vendor/purecounter) by extension 'ignore_ament_install'
[0.256s] Level 1:colcon.colcon_core.package_identification:_identify(GrazeMateSite/SkyWrangler/assets/vendor/purecounter) by extensions ['colcon_pkg']
[0.256s] Level 1:colcon.colcon_core.package_identification:_identify(GrazeMateSite/SkyWrangler/assets/vendor/purecounter) by extension 'colcon_pkg'
[0.256s] Level 1:colcon.colcon_core.package_identification:_identify(GrazeMateSite/SkyWrangler/assets/vendor/purecounter) by extensions ['colcon_meta']
[0.256s] Level 1:colcon.colcon_core.package_identification:_identify(GrazeMateSite/SkyWrangler/assets/vendor/purecounter) by extension 'colcon_meta'
[0.256s] Level 1:colcon.colcon_core.package_identification:_identify(GrazeMateSite/SkyWrangler/assets/vendor/purecounter) by extensions ['ros']
[0.256s] Level 1:colcon.colcon_core.package_identification:_identify(GrazeMateSite/SkyWrangler/assets/vendor/purecounter) by extension 'ros'
[0.256s] Level 1:colcon.colcon_core.package_identification:_identify(GrazeMateSite/SkyWrangler/assets/vendor/purecounter) by extensions ['cmake', 'python']
[0.256s] Level 1:colcon.colcon_core.package_identification:_identify(GrazeMateSite/SkyWrangler/assets/vendor/purecounter) by extension 'cmake'
[0.256s] Level 1:colcon.colcon_core.package_identification:_identify(GrazeMateSite/SkyWrangler/assets/vendor/purecounter) by extension 'python'
[0.256s] Level 1:colcon.colcon_core.package_identification:_identify(GrazeMateSite/SkyWrangler/assets/vendor/purecounter) by extensions ['python_setup_py']
[0.256s] Level 1:colcon.colcon_core.package_identification:_identify(GrazeMateSite/SkyWrangler/assets/vendor/purecounter) by extension 'python_setup_py'
[0.257s] Level 1:colcon.colcon_core.package_identification:_identify(GrazeMateSite/SkyWrangler/assets/vendor/swiper) by extensions ['ignore', 'ignore_ament_install']
[0.257s] Level 1:colcon.colcon_core.package_identification:_identify(GrazeMateSite/SkyWrangler/assets/vendor/swiper) by extension 'ignore'
[0.257s] Level 1:colcon.colcon_core.package_identification:_identify(GrazeMateSite/SkyWrangler/assets/vendor/swiper) by extension 'ignore_ament_install'
[0.257s] Level 1:colcon.colcon_core.package_identification:_identify(GrazeMateSite/SkyWrangler/assets/vendor/swiper) by extensions ['colcon_pkg']
[0.257s] Level 1:colcon.colcon_core.package_identification:_identify(GrazeMateSite/SkyWrangler/assets/vendor/swiper) by extension 'colcon_pkg'
[0.257s] Level 1:colcon.colcon_core.package_identification:_identify(GrazeMateSite/SkyWrangler/assets/vendor/swiper) by extensions ['colcon_meta']
[0.257s] Level 1:colcon.colcon_core.package_identification:_identify(GrazeMateSite/SkyWrangler/assets/vendor/swiper) by extension 'colcon_meta'
[0.257s] Level 1:colcon.colcon_core.package_identification:_identify(GrazeMateSite/SkyWrangler/assets/vendor/swiper) by extensions ['ros']
[0.257s] Level 1:colcon.colcon_core.package_identification:_identify(GrazeMateSite/SkyWrangler/assets/vendor/swiper) by extension 'ros'
[0.257s] Level 1:colcon.colcon_core.package_identification:_identify(GrazeMateSite/SkyWrangler/assets/vendor/swiper) by extensions ['cmake', 'python']
[0.257s] Level 1:colcon.colcon_core.package_identification:_identify(GrazeMateSite/SkyWrangler/assets/vendor/swiper) by extension 'cmake'
[0.257s] Level 1:colcon.colcon_core.package_identification:_identify(GrazeMateSite/SkyWrangler/assets/vendor/swiper) by extension 'python'
[0.257s] Level 1:colcon.colcon_core.package_identification:_identify(GrazeMateSite/SkyWrangler/assets/vendor/swiper) by extensions ['python_setup_py']
[0.257s] Level 1:colcon.colcon_core.package_identification:_identify(GrazeMateSite/SkyWrangler/assets/vendor/swiper) by extension 'python_setup_py'
[0.257s] Level 1:colcon.colcon_core.package_identification:_identify(GrazeMateSite/SkyWrangler/css) by extensions ['ignore', 'ignore_ament_install']
[0.257s] Level 1:colcon.colcon_core.package_identification:_identify(GrazeMateSite/SkyWrangler/css) by extension 'ignore'
[0.257s] Level 1:colcon.colcon_core.package_identification:_identify(GrazeMateSite/SkyWrangler/css) by extension 'ignore_ament_install'
[0.257s] Level 1:colcon.colcon_core.package_identification:_identify(GrazeMateSite/SkyWrangler/css) by extensions ['colcon_pkg']
[0.257s] Level 1:colcon.colcon_core.package_identification:_identify(GrazeMateSite/SkyWrangler/css) by extension 'colcon_pkg'
[0.257s] Level 1:colcon.colcon_core.package_identification:_identify(GrazeMateSite/SkyWrangler/css) by extensions ['colcon_meta']
[0.257s] Level 1:colcon.colcon_core.package_identification:_identify(GrazeMateSite/SkyWrangler/css) by extension 'colcon_meta'
[0.257s] Level 1:colcon.colcon_core.package_identification:_identify(GrazeMateSite/SkyWrangler/css) by extensions ['ros']
[0.257s] Level 1:colcon.colcon_core.package_identification:_identify(GrazeMateSite/SkyWrangler/css) by extension 'ros'
[0.257s] Level 1:colcon.colcon_core.package_identification:_identify(GrazeMateSite/SkyWrangler/css) by extensions ['cmake', 'python']
[0.257s] Level 1:colcon.colcon_core.package_identification:_identify(GrazeMateSite/SkyWrangler/css) by extension 'cmake'
[0.257s] Level 1:colcon.colcon_core.package_identification:_identify(GrazeMateSite/SkyWrangler/css) by extension 'python'
[0.257s] Level 1:colcon.colcon_core.package_identification:_identify(GrazeMateSite/SkyWrangler/css) by extensions ['python_setup_py']
[0.257s] Level 1:colcon.colcon_core.package_identification:_identify(GrazeMateSite/SkyWrangler/css) by extension 'python_setup_py'
[0.258s] Level 1:colcon.colcon_core.package_identification:_identify(GrazeMateSite/SkyWrangler/images) by extensions ['ignore', 'ignore_ament_install']
[0.258s] Level 1:colcon.colcon_core.package_identification:_identify(GrazeMateSite/SkyWrangler/images) by extension 'ignore'
[0.258s] Level 1:colcon.colcon_core.package_identification:_identify(GrazeMateSite/SkyWrangler/images) by extension 'ignore_ament_install'
[0.258s] Level 1:colcon.colcon_core.package_identification:_identify(GrazeMateSite/SkyWrangler/images) by extensions ['colcon_pkg']
[0.258s] Level 1:colcon.colcon_core.package_identification:_identify(GrazeMateSite/SkyWrangler/images) by extension 'colcon_pkg'
[0.258s] Level 1:colcon.colcon_core.package_identification:_identify(GrazeMateSite/SkyWrangler/images) by extensions ['colcon_meta']
[0.258s] Level 1:colcon.colcon_core.package_identification:_identify(GrazeMateSite/SkyWrangler/images) by extension 'colcon_meta'
[0.258s] Level 1:colcon.colcon_core.package_identification:_identify(GrazeMateSite/SkyWrangler/images) by extensions ['ros']
[0.258s] Level 1:colcon.colcon_core.package_identification:_identify(GrazeMateSite/SkyWrangler/images) by extension 'ros'
[0.258s] Level 1:colcon.colcon_core.package_identification:_identify(GrazeMateSite/SkyWrangler/images) by extensions ['cmake', 'python']
[0.258s] Level 1:colcon.colcon_core.package_identification:_identify(GrazeMateSite/SkyWrangler/images) by extension 'cmake'
[0.258s] Level 1:colcon.colcon_core.package_identification:_identify(GrazeMateSite/SkyWrangler/images) by extension 'python'
[0.258s] Level 1:colcon.colcon_core.package_identification:_identify(GrazeMateSite/SkyWrangler/images) by extensions ['python_setup_py']
[0.258s] Level 1:colcon.colcon_core.package_identification:_identify(GrazeMateSite/SkyWrangler/images) by extension 'python_setup_py'
[0.258s] Level 1:colcon.colcon_core.package_identification:_identify(GrazeMateSite/SkyWrangler/images/icons) by extensions ['ignore', 'ignore_ament_install']
[0.258s] Level 1:colcon.colcon_core.package_identification:_identify(GrazeMateSite/SkyWrangler/images/icons) by extension 'ignore'
[0.258s] Level 1:colcon.colcon_core.package_identification:_identify(GrazeMateSite/SkyWrangler/images/icons) by extension 'ignore_ament_install'
[0.258s] Level 1:colcon.colcon_core.package_identification:_identify(GrazeMateSite/SkyWrangler/images/icons) by extensions ['colcon_pkg']
[0.258s] Level 1:colcon.colcon_core.package_identification:_identify(GrazeMateSite/SkyWrangler/images/icons) by extension 'colcon_pkg'
[0.258s] Level 1:colcon.colcon_core.package_identification:_identify(GrazeMateSite/SkyWrangler/images/icons) by extensions ['colcon_meta']
[0.258s] Level 1:colcon.colcon_core.package_identification:_identify(GrazeMateSite/SkyWrangler/images/icons) by extension 'colcon_meta'
[0.258s] Level 1:colcon.colcon_core.package_identification:_identify(GrazeMateSite/SkyWrangler/images/icons) by extensions ['ros']
[0.258s] Level 1:colcon.colcon_core.package_identification:_identify(GrazeMateSite/SkyWrangler/images/icons) by extension 'ros'
[0.258s] Level 1:colcon.colcon_core.package_identification:_identify(GrazeMateSite/SkyWrangler/images/icons) by extensions ['cmake', 'python']
[0.258s] Level 1:colcon.colcon_core.package_identification:_identify(GrazeMateSite/SkyWrangler/images/icons) by extension 'cmake'
[0.258s] Level 1:colcon.colcon_core.package_identification:_identify(GrazeMateSite/SkyWrangler/images/icons) by extension 'python'
[0.259s] Level 1:colcon.colcon_core.package_identification:_identify(GrazeMateSite/SkyWrangler/images/icons) by extensions ['python_setup_py']
[0.259s] Level 1:colcon.colcon_core.package_identification:_identify(GrazeMateSite/SkyWrangler/images/icons) by extension 'python_setup_py'
[0.259s] Level 1:colcon.colcon_core.package_identification:_identify(GrazeMateSite/SkyWrangler/images/screens) by extensions ['ignore', 'ignore_ament_install']
[0.259s] Level 1:colcon.colcon_core.package_identification:_identify(GrazeMateSite/SkyWrangler/images/screens) by extension 'ignore'
[0.259s] Level 1:colcon.colcon_core.package_identification:_identify(GrazeMateSite/SkyWrangler/images/screens) by extension 'ignore_ament_install'
[0.259s] Level 1:colcon.colcon_core.package_identification:_identify(GrazeMateSite/SkyWrangler/images/screens) by extensions ['colcon_pkg']
[0.259s] Level 1:colcon.colcon_core.package_identification:_identify(GrazeMateSite/SkyWrangler/images/screens) by extension 'colcon_pkg'
[0.259s] Level 1:colcon.colcon_core.package_identification:_identify(GrazeMateSite/SkyWrangler/images/screens) by extensions ['colcon_meta']
[0.259s] Level 1:colcon.colcon_core.package_identification:_identify(GrazeMateSite/SkyWrangler/images/screens) by extension 'colcon_meta'
[0.259s] Level 1:colcon.colcon_core.package_identification:_identify(GrazeMateSite/SkyWrangler/images/screens) by extensions ['ros']
[0.259s] Level 1:colcon.colcon_core.package_identification:_identify(GrazeMateSite/SkyWrangler/images/screens) by extension 'ros'
[0.259s] Level 1:colcon.colcon_core.package_identification:_identify(GrazeMateSite/SkyWrangler/images/screens) by extensions ['cmake', 'python']
[0.259s] Level 1:colcon.colcon_core.package_identification:_identify(GrazeMateSite/SkyWrangler/images/screens) by extension 'cmake'
[0.259s] Level 1:colcon.colcon_core.package_identification:_identify(GrazeMateSite/SkyWrangler/images/screens) by extension 'python'
[0.259s] Level 1:colcon.colcon_core.package_identification:_identify(GrazeMateSite/SkyWrangler/images/screens) by extensions ['python_setup_py']
[0.259s] Level 1:colcon.colcon_core.package_identification:_identify(GrazeMateSite/SkyWrangler/images/screens) by extension 'python_setup_py'
[0.259s] Level 1:colcon.colcon_core.package_identification:_identify(GrazeMateSite/SkyWrangler/js) by extensions ['ignore', 'ignore_ament_install']
[0.259s] Level 1:colcon.colcon_core.package_identification:_identify(GrazeMateSite/SkyWrangler/js) by extension 'ignore'
[0.259s] Level 1:colcon.colcon_core.package_identification:_identify(GrazeMateSite/SkyWrangler/js) by extension 'ignore_ament_install'
[0.259s] Level 1:colcon.colcon_core.package_identification:_identify(GrazeMateSite/SkyWrangler/js) by extensions ['colcon_pkg']
[0.259s] Level 1:colcon.colcon_core.package_identification:_identify(GrazeMateSite/SkyWrangler/js) by extension 'colcon_pkg'
[0.259s] Level 1:colcon.colcon_core.package_identification:_identify(GrazeMateSite/SkyWrangler/js) by extensions ['colcon_meta']
[0.259s] Level 1:colcon.colcon_core.package_identification:_identify(GrazeMateSite/SkyWrangler/js) by extension 'colcon_meta'
[0.259s] Level 1:colcon.colcon_core.package_identification:_identify(GrazeMateSite/SkyWrangler/js) by extensions ['ros']
[0.259s] Level 1:colcon.colcon_core.package_identification:_identify(GrazeMateSite/SkyWrangler/js) by extension 'ros'
[0.259s] Level 1:colcon.colcon_core.package_identification:_identify(GrazeMateSite/SkyWrangler/js) by extensions ['cmake', 'python']
[0.259s] Level 1:colcon.colcon_core.package_identification:_identify(GrazeMateSite/SkyWrangler/js) by extension 'cmake'
[0.259s] Level 1:colcon.colcon_core.package_identification:_identify(GrazeMateSite/SkyWrangler/js) by extension 'python'
[0.260s] Level 1:colcon.colcon_core.package_identification:_identify(GrazeMateSite/SkyWrangler/js) by extensions ['python_setup_py']
[0.260s] Level 1:colcon.colcon_core.package_identification:_identify(GrazeMateSite/SkyWrangler/js) by extension 'python_setup_py'
[0.260s] Level 1:colcon.colcon_core.package_identification:_identify(Simulation) by extensions ['ignore', 'ignore_ament_install']
[0.260s] Level 1:colcon.colcon_core.package_identification:_identify(Simulation) by extension 'ignore'
[0.260s] Level 1:colcon.colcon_core.package_identification:_identify(Simulation) by extension 'ignore_ament_install'
[0.260s] Level 1:colcon.colcon_core.package_identification:_identify(Simulation) by extensions ['colcon_pkg']
[0.260s] Level 1:colcon.colcon_core.package_identification:_identify(Simulation) by extension 'colcon_pkg'
[0.260s] Level 1:colcon.colcon_core.package_identification:_identify(Simulation) by extensions ['colcon_meta']
[0.260s] Level 1:colcon.colcon_core.package_identification:_identify(Simulation) by extension 'colcon_meta'
[0.260s] Level 1:colcon.colcon_core.package_identification:_identify(Simulation) by extensions ['ros']
[0.260s] Level 1:colcon.colcon_core.package_identification:_identify(Simulation) by extension 'ros'
[0.260s] Level 1:colcon.colcon_core.package_identification:_identify(Simulation) by extensions ['cmake', 'python']
[0.260s] Level 1:colcon.colcon_core.package_identification:_identify(Simulation) by extension 'cmake'
[0.260s] Level 1:colcon.colcon_core.package_identification:_identify(Simulation) by extension 'python'
[0.260s] Level 1:colcon.colcon_core.package_identification:_identify(Simulation) by extensions ['python_setup_py']
[0.260s] Level 1:colcon.colcon_core.package_identification:_identify(Simulation) by extension 'python_setup_py'
[0.260s] Level 1:colcon.colcon_core.package_identification:_identify(Simulation/__pycache__) by extensions ['ignore', 'ignore_ament_install']
[0.260s] Level 1:colcon.colcon_core.package_identification:_identify(Simulation/__pycache__) by extension 'ignore'
[0.260s] Level 1:colcon.colcon_core.package_identification:_identify(Simulation/__pycache__) by extension 'ignore_ament_install'
[0.260s] Level 1:colcon.colcon_core.package_identification:_identify(Simulation/__pycache__) by extensions ['colcon_pkg']
[0.260s] Level 1:colcon.colcon_core.package_identification:_identify(Simulation/__pycache__) by extension 'colcon_pkg'
[0.260s] Level 1:colcon.colcon_core.package_identification:_identify(Simulation/__pycache__) by extensions ['colcon_meta']
[0.260s] Level 1:colcon.colcon_core.package_identification:_identify(Simulation/__pycache__) by extension 'colcon_meta'
[0.260s] Level 1:colcon.colcon_core.package_identification:_identify(Simulation/__pycache__) by extensions ['ros']
[0.260s] Level 1:colcon.colcon_core.package_identification:_identify(Simulation/__pycache__) by extension 'ros'
[0.261s] Level 1:colcon.colcon_core.package_identification:_identify(Simulation/__pycache__) by extensions ['cmake', 'python']
[0.261s] Level 1:colcon.colcon_core.package_identification:_identify(Simulation/__pycache__) by extension 'cmake'
[0.261s] Level 1:colcon.colcon_core.package_identification:_identify(Simulation/__pycache__) by extension 'python'
[0.261s] Level 1:colcon.colcon_core.package_identification:_identify(Simulation/__pycache__) by extensions ['python_setup_py']
[0.261s] Level 1:colcon.colcon_core.package_identification:_identify(Simulation/__pycache__) by extension 'python_setup_py'
[0.261s] Level 1:colcon.colcon_core.package_identification:_identify(build) by extensions ['ignore', 'ignore_ament_install']
[0.261s] Level 1:colcon.colcon_core.package_identification:_identify(build) by extension 'ignore'
[0.261s] Level 1:colcon.colcon_core.package_identification:_identify(build) ignored
[0.261s] Level 1:colcon.colcon_core.package_identification:_identify(install) by extensions ['ignore', 'ignore_ament_install']
[0.261s] Level 1:colcon.colcon_core.package_identification:_identify(install) by extension 'ignore'
[0.261s] Level 1:colcon.colcon_core.package_identification:_identify(install) ignored
[0.261s] Level 1:colcon.colcon_core.package_identification:_identify(log) by extensions ['ignore', 'ignore_ament_install']
[0.261s] Level 1:colcon.colcon_core.package_identification:_identify(log) by extension 'ignore'
[0.261s] Level 1:colcon.colcon_core.package_identification:_identify(log) ignored
[0.261s] Level 1:colcon.colcon_core.package_identification:_identify(new_sim_ws) by extensions ['ignore', 'ignore_ament_install']
[0.261s] Level 1:colcon.colcon_core.package_identification:_identify(new_sim_ws) by extension 'ignore'
[0.261s] Level 1:colcon.colcon_core.package_identification:_identify(new_sim_ws) by extension 'ignore_ament_install'
[0.261s] Level 1:colcon.colcon_core.package_identification:_identify(new_sim_ws) by extensions ['colcon_pkg']
[0.261s] Level 1:colcon.colcon_core.package_identification:_identify(new_sim_ws) by extension 'colcon_pkg'
[0.261s] Level 1:colcon.colcon_core.package_identification:_identify(new_sim_ws) by extensions ['colcon_meta']
[0.261s] Level 1:colcon.colcon_core.package_identification:_identify(new_sim_ws) by extension 'colcon_meta'
[0.261s] Level 1:colcon.colcon_core.package_identification:_identify(new_sim_ws) by extensions ['ros']
[0.261s] Level 1:colcon.colcon_core.package_identification:_identify(new_sim_ws) by extension 'ros'
[0.262s] Level 1:colcon.colcon_core.package_identification:_identify(new_sim_ws) by extensions ['cmake', 'python']
[0.262s] Level 1:colcon.colcon_core.package_identification:_identify(new_sim_ws) by extension 'cmake'
[0.262s] Level 1:colcon.colcon_core.package_identification:_identify(new_sim_ws) by extension 'python'
[0.262s] Level 1:colcon.colcon_core.package_identification:_identify(new_sim_ws) by extensions ['python_setup_py']
[0.262s] Level 1:colcon.colcon_core.package_identification:_identify(new_sim_ws) by extension 'python_setup_py'
[0.262s] Level 1:colcon.colcon_core.package_identification:_identify(new_sim_ws/build) by extensions ['ignore', 'ignore_ament_install']
[0.262s] Level 1:colcon.colcon_core.package_identification:_identify(new_sim_ws/build) by extension 'ignore'
[0.262s] Level 1:colcon.colcon_core.package_identification:_identify(new_sim_ws/build) ignored
[0.262s] Level 1:colcon.colcon_core.package_identification:_identify(new_sim_ws/install) by extensions ['ignore', 'ignore_ament_install']
[0.262s] Level 1:colcon.colcon_core.package_identification:_identify(new_sim_ws/install) by extension 'ignore'
[0.262s] Level 1:colcon.colcon_core.package_identification:_identify(new_sim_ws/install) ignored
[0.262s] Level 1:colcon.colcon_core.package_identification:_identify(new_sim_ws/log) by extensions ['ignore', 'ignore_ament_install']
[0.262s] Level 1:colcon.colcon_core.package_identification:_identify(new_sim_ws/log) by extension 'ignore'
[0.262s] Level 1:colcon.colcon_core.package_identification:_identify(new_sim_ws/log) ignored
[0.262s] Level 1:colcon.colcon_core.package_identification:_identify(new_sim_ws/src) by extensions ['ignore', 'ignore_ament_install']
[0.262s] Level 1:colcon.colcon_core.package_identification:_identify(new_sim_ws/src) by extension 'ignore'
[0.262s] Level 1:colcon.colcon_core.package_identification:_identify(new_sim_ws/src) by extension 'ignore_ament_install'
[0.262s] Level 1:colcon.colcon_core.package_identification:_identify(new_sim_ws/src) by extensions ['colcon_pkg']
[0.262s] Level 1:colcon.colcon_core.package_identification:_identify(new_sim_ws/src) by extension 'colcon_pkg'
[0.262s] Level 1:colcon.colcon_core.package_identification:_identify(new_sim_ws/src) by extensions ['colcon_meta']
[0.262s] Level 1:colcon.colcon_core.package_identification:_identify(new_sim_ws/src) by extension 'colcon_meta'
[0.262s] Level 1:colcon.colcon_core.package_identification:_identify(new_sim_ws/src) by extensions ['ros']
[0.262s] Level 1:colcon.colcon_core.package_identification:_identify(new_sim_ws/src) by extension 'ros'
[0.262s] Level 1:colcon.colcon_core.package_identification:_identify(new_sim_ws/src) by extensions ['cmake', 'python']
[0.263s] Level 1:colcon.colcon_core.package_identification:_identify(new_sim_ws/src) by extension 'cmake'
[0.263s] Level 1:colcon.colcon_core.package_identification:_identify(new_sim_ws/src) by extension 'python'
[0.263s] Level 1:colcon.colcon_core.package_identification:_identify(new_sim_ws/src) by extensions ['python_setup_py']
[0.263s] Level 1:colcon.colcon_core.package_identification:_identify(new_sim_ws/src) by extension 'python_setup_py'
[0.263s] Level 1:colcon.colcon_core.package_identification:_identify(new_sim_ws/src/my_cow_drone_sim) by extensions ['ignore', 'ignore_ament_install']
[0.263s] Level 1:colcon.colcon_core.package_identification:_identify(new_sim_ws/src/my_cow_drone_sim) by extension 'ignore'
[0.263s] Level 1:colcon.colcon_core.package_identification:_identify(new_sim_ws/src/my_cow_drone_sim) by extension 'ignore_ament_install'
[0.263s] Level 1:colcon.colcon_core.package_identification:_identify(new_sim_ws/src/my_cow_drone_sim) by extensions ['colcon_pkg']
[0.263s] Level 1:colcon.colcon_core.package_identification:_identify(new_sim_ws/src/my_cow_drone_sim) by extension 'colcon_pkg'
[0.263s] Level 1:colcon.colcon_core.package_identification:_identify(new_sim_ws/src/my_cow_drone_sim) by extensions ['colcon_meta']
[0.263s] Level 1:colcon.colcon_core.package_identification:_identify(new_sim_ws/src/my_cow_drone_sim) by extension 'colcon_meta'
[0.263s] Level 1:colcon.colcon_core.package_identification:_identify(new_sim_ws/src/my_cow_drone_sim) by extensions ['ros']
[0.263s] Level 1:colcon.colcon_core.package_identification:_identify(new_sim_ws/src/my_cow_drone_sim) by extension 'ros'
[0.265s] DEBUG:colcon.colcon_core.package_identification:Package 'new_sim_ws/src/my_cow_drone_sim' with type 'ros.ament_python' and name 'my_cow_drone_sim'
[0.265s] Level 1:colcon.colcon_core.package_discovery:discover_packages(recursive) using defaults
[0.265s] Level 1:colcon.colcon_core.package_discovery:discover_packages(ignore) discover
[0.265s] Level 1:colcon.colcon_core.package_discovery:discover_packages(ignore) using defaults
[0.265s] Level 1:colcon.colcon_core.package_discovery:discover_packages(path) discover
[0.265s] Level 1:colcon.colcon_core.package_discovery:discover_packages(path) using defaults
[0.287s] Level 1:colcon.colcon_core.package_discovery:discover_packages(prefix_path) check parameters
[0.287s] Level 1:colcon.colcon_core.package_discovery:discover_packages(prefix_path) discover
[0.288s] DEBUG:colcon.colcon_installed_package_information.package_discovery:Found 1 installed packages in /home/sam/GrazeMate/new_sim_ws/install
[0.289s] DEBUG:colcon.colcon_installed_package_information.package_discovery:Found 2 installed packages in /home/sam/ws_skywrangler/install
[0.290s] DEBUG:colcon.colcon_installed_package_information.package_discovery:Found 428 installed packages in /opt/ros/humble
[0.292s] Level 1:colcon.colcon_core.package_discovery:discover_packages(prefix_path) using defaults
[0.330s] Level 5:colcon.colcon_core.verb:set package 'my_cow_drone_sim' build argument 'cmake_args' from command line to 'None'
[0.330s] Level 5:colcon.colcon_core.verb:set package 'my_cow_drone_sim' build argument 'cmake_target' from command line to 'None'
[0.330s] Level 5:colcon.colcon_core.verb:set package 'my_cow_drone_sim' build argument 'cmake_target_skip_unavailable' from command line to 'False'
[0.330s] Level 5:colcon.colcon_core.verb:set package 'my_cow_drone_sim' build argument 'cmake_clean_cache' from command line to 'False'
[0.330s] Level 5:colcon.colcon_core.verb:set package 'my_cow_drone_sim' build argument 'cmake_clean_first' from command line to 'False'
[0.330s] Level 5:colcon.colcon_core.verb:set package 'my_cow_drone_sim' build argument 'cmake_force_configure' from command line to 'False'
[0.330s] Level 5:colcon.colcon_core.verb:set package 'my_cow_drone_sim' build argument 'ament_cmake_args' from command line to 'None'
[0.330s] Level 5:colcon.colcon_core.verb:set package 'my_cow_drone_sim' build argument 'catkin_cmake_args' from command line to 'None'
[0.330s] Level 5:colcon.colcon_core.verb:set package 'my_cow_drone_sim' build argument 'catkin_skip_building_tests' from command line to 'False'
[0.330s] DEBUG:colcon.colcon_core.verb:Building package 'my_cow_drone_sim' with the following arguments: {'ament_cmake_args': None, 'build_base': '/home/sam/GrazeMate/build/my_cow_drone_sim', 'catkin_cmake_args': None, 'catkin_skip_building_tests': False, 'cmake_args': None, 'cmake_clean_cache': False, 'cmake_clean_first': False, 'cmake_force_configure': False, 'cmake_target': None, 'cmake_target_skip_unavailable': False, 'install_base': '/home/sam/GrazeMate/install/my_cow_drone_sim', 'merge_install': False, 'path': '/home/sam/GrazeMate/new_sim_ws/src/my_cow_drone_sim', 'symlink_install': False, 'test_result_base': None}
[0.330s] INFO:colcon.colcon_core.executor:Executing jobs using 'parallel' executor
[0.331s] DEBUG:colcon.colcon_parallel_executor.executor.parallel:run_until_complete
[0.331s] INFO:colcon.colcon_ros.task.ament_python.build:Building ROS package in '/home/sam/GrazeMate/new_sim_ws/src/my_cow_drone_sim' with build type 'ament_python'
[0.331s] Level 1:colcon.colcon_core.shell:create_environment_hook('my_cow_drone_sim', 'ament_prefix_path')
[0.333s] INFO:colcon.colcon_core.plugin_system:Skipping extension 'colcon_core.shell.bat': Not used on non-Windows systems
[0.333s] INFO:colcon.colcon_core.shell:Creating environment hook '/home/sam/GrazeMate/install/my_cow_drone_sim/share/my_cow_drone_sim/hook/ament_prefix_path.ps1'
[0.333s] INFO:colcon.colcon_core.shell:Creating environment descriptor '/home/sam/GrazeMate/install/my_cow_drone_sim/share/my_cow_drone_sim/hook/ament_prefix_path.dsv'
[0.334s] INFO:colcon.colcon_core.shell:Creating environment hook '/home/sam/GrazeMate/install/my_cow_drone_sim/share/my_cow_drone_sim/hook/ament_prefix_path.sh'
[0.334s] INFO:colcon.colcon_core.shell:Skip shell extension 'powershell' for command environment: Not usable outside of PowerShell
[0.334s] DEBUG:colcon.colcon_core.shell:Skip shell extension 'dsv' for command environment
[0.547s] INFO:colcon.colcon_core.task.python.build:Building Python package in '/home/sam/GrazeMate/new_sim_ws/src/my_cow_drone_sim'
[0.547s] INFO:colcon.colcon_core.shell:Skip shell extension 'powershell' for command environment: Not usable outside of PowerShell
[0.547s] DEBUG:colcon.colcon_core.shell:Skip shell extension 'dsv' for command environment
[0.858s] DEBUG:colcon.colcon_core.event_handler.log_command:Invoking command in '/home/sam/GrazeMate/new_sim_ws/src/my_cow_drone_sim': PYTHONPATH=/home/sam/GrazeMate/build/my_cow_drone_sim/prefix_override:/usr/lib/python3/dist-packages/colcon_core/task/python/colcon_distutils_commands:/home/sam/GrazeMate/install/my_cow_drone_sim/lib/python3.10/site-packages:${PYTHONPATH} /usr/bin/python3 -W ignore:setup.py install is deprecated setup.py egg_info --egg-base ../../../build/my_cow_drone_sim build --build-base /home/sam/GrazeMate/build/my_cow_drone_sim/build install --record /home/sam/GrazeMate/build/my_cow_drone_sim/install.log --single-version-externally-managed install_data
[1.100s] DEBUG:colcon.colcon_core.event_handler.log_command:Invoked command in '/home/sam/GrazeMate/new_sim_ws/src/my_cow_drone_sim' returned '0': PYTHONPATH=/home/sam/GrazeMate/build/my_cow_drone_sim/prefix_override:/usr/lib/python3/dist-packages/colcon_core/task/python/colcon_distutils_commands:/home/sam/GrazeMate/install/my_cow_drone_sim/lib/python3.10/site-packages:${PYTHONPATH} /usr/bin/python3 -W ignore:setup.py install is deprecated setup.py egg_info --egg-base ../../../build/my_cow_drone_sim build --build-base /home/sam/GrazeMate/build/my_cow_drone_sim/build install --record /home/sam/GrazeMate/build/my_cow_drone_sim/install.log --single-version-externally-managed install_data
[1.101s] Level 1:colcon.colcon_core.environment:checking '/home/sam/GrazeMate/install/my_cow_drone_sim' for CMake module files
[1.102s] Level 1:colcon.colcon_core.environment:checking '/home/sam/GrazeMate/install/my_cow_drone_sim' for CMake config files
[1.102s] Level 1:colcon.colcon_core.environment:checking '/home/sam/GrazeMate/install/my_cow_drone_sim/lib'
[1.102s] Level 1:colcon.colcon_core.environment:checking '/home/sam/GrazeMate/install/my_cow_drone_sim/bin'
[1.103s] Level 1:colcon.colcon_core.environment:checking '/home/sam/GrazeMate/install/my_cow_drone_sim/lib/pkgconfig/my_cow_drone_sim.pc'
[1.103s] Level 1:colcon.colcon_core.environment:checking '/home/sam/GrazeMate/install/my_cow_drone_sim/lib/python3.10/site-packages'
[1.103s] Level 1:colcon.colcon_core.shell:create_environment_hook('my_cow_drone_sim', 'pythonpath')
[1.103s] INFO:colcon.colcon_core.shell:Creating environment hook '/home/sam/GrazeMate/install/my_cow_drone_sim/share/my_cow_drone_sim/hook/pythonpath.ps1'
[1.103s] INFO:colcon.colcon_core.shell:Creating environment descriptor '/home/sam/GrazeMate/install/my_cow_drone_sim/share/my_cow_drone_sim/hook/pythonpath.dsv'
[1.103s] INFO:colcon.colcon_core.shell:Creating environment hook '/home/sam/GrazeMate/install/my_cow_drone_sim/share/my_cow_drone_sim/hook/pythonpath.sh'
[1.104s] Level 1:colcon.colcon_core.environment:checking '/home/sam/GrazeMate/install/my_cow_drone_sim/bin'
[1.104s] Level 1:colcon.colcon_core.environment:create_environment_scripts_only(my_cow_drone_sim)
[1.104s] INFO:colcon.colcon_core.shell:Creating package script '/home/sam/GrazeMate/install/my_cow_drone_sim/share/my_cow_drone_sim/package.ps1'
[1.105s] INFO:colcon.colcon_core.shell:Creating package descriptor '/home/sam/GrazeMate/install/my_cow_drone_sim/share/my_cow_drone_sim/package.dsv'
[1.105s] INFO:colcon.colcon_core.shell:Creating package script '/home/sam/GrazeMate/install/my_cow_drone_sim/share/my_cow_drone_sim/package.sh'
[1.105s] INFO:colcon.colcon_core.shell:Creating package script '/home/sam/GrazeMate/install/my_cow_drone_sim/share/my_cow_drone_sim/package.bash'
[1.106s] INFO:colcon.colcon_core.shell:Creating package script '/home/sam/GrazeMate/install/my_cow_drone_sim/share/my_cow_drone_sim/package.zsh'
[1.106s] Level 1:colcon.colcon_core.environment:create_file_with_runtime_dependencies(/home/sam/GrazeMate/install/my_cow_drone_sim/share/colcon-core/packages/my_cow_drone_sim)
[1.106s] DEBUG:colcon.colcon_parallel_executor.executor.parallel:closing loop
[1.107s] DEBUG:colcon.colcon_parallel_executor.executor.parallel:loop closed
[1.107s] DEBUG:colcon.colcon_parallel_executor.executor.parallel:run_until_complete finished with '0'
[1.107s] DEBUG:colcon.colcon_core.event_reactor:joining thread
[1.111s] INFO:colcon.colcon_core.plugin_system:Skipping extension 'colcon_notification.desktop_notification.terminal_notifier': Not used on non-Darwin systems
[1.111s] INFO:colcon.colcon_core.plugin_system:Skipping extension 'colcon_notification.desktop_notification.win32': Not used on non-Windows systems
[1.111s] INFO:colcon.colcon_notification.desktop_notification:Sending desktop notification using 'notify2'
[1.123s] DEBUG:colcon.colcon_core.event_reactor:joined thread
[1.123s] INFO:colcon.colcon_core.shell:Creating prefix script '/home/sam/GrazeMate/install/local_setup.ps1'
[1.124s] INFO:colcon.colcon_core.shell:Creating prefix util module '/home/sam/GrazeMate/install/_local_setup_util_ps1.py'
[1.124s] INFO:colcon.colcon_core.shell:Creating prefix chain script '/home/sam/GrazeMate/install/setup.ps1'
[1.125s] INFO:colcon.colcon_core.shell:Creating prefix script '/home/sam/GrazeMate/install/local_setup.sh'
[1.126s] INFO:colcon.colcon_core.shell:Creating prefix util module '/home/sam/GrazeMate/install/_local_setup_util_sh.py'
[1.126s] INFO:colcon.colcon_core.shell:Creating prefix chain script '/home/sam/GrazeMate/install/setup.sh'
[1.126s] INFO:colcon.colcon_core.shell:Creating prefix script '/home/sam/GrazeMate/install/local_setup.bash'
[1.127s] INFO:colcon.colcon_core.shell:Creating prefix chain script '/home/sam/GrazeMate/install/setup.bash'
[1.128s] INFO:colcon.colcon_core.shell:Creating prefix script '/home/sam/GrazeMate/install/local_setup.zsh'
[1.128s] INFO:colcon.colcon_core.shell:Creating prefix chain script '/home/sam/GrazeMate/install/setup.zsh'
