[0.524s] Invoking command in '/home/sam/GrazeMate/new_sim_ws/src/my_cow_drone_sim': PYTHONPATH=/home/sam/GrazeMate/build/my_cow_drone_sim/prefix_override:/usr/lib/python3/dist-packages/colcon_core/task/python/colcon_distutils_commands:/home/sam/GrazeMate/install/my_cow_drone_sim/lib/python3.10/site-packages:${PYTHONPATH} /usr/bin/python3 -W ignore:setup.py install is deprecated setup.py egg_info --egg-base ../../../build/my_cow_drone_sim build --build-base /home/sam/GrazeMate/build/my_cow_drone_sim/build install --record /home/sam/GrazeMate/build/my_cow_drone_sim/install.log --single-version-externally-managed install_data
[0.723s] running egg_info
[0.723s] writing ../../../build/my_cow_drone_sim/my_cow_drone_sim.egg-info/PKG-INFO
[0.723s] writing dependency_links to ../../../build/my_cow_drone_sim/my_cow_drone_sim.egg-info/dependency_links.txt
[0.723s] writing entry points to ../../../build/my_cow_drone_sim/my_cow_drone_sim.egg-info/entry_points.txt
[0.724s] writing requirements to ../../../build/my_cow_drone_sim/my_cow_drone_sim.egg-info/requires.txt
[0.724s] writing top-level names to ../../../build/my_cow_drone_sim/my_cow_drone_sim.egg-info/top_level.txt
[0.725s] reading manifest file '../../../build/my_cow_drone_sim/my_cow_drone_sim.egg-info/SOURCES.txt'
[0.726s] writing manifest file '../../../build/my_cow_drone_sim/my_cow_drone_sim.egg-info/SOURCES.txt'
[0.726s] running build
[0.726s] running build_py
[0.726s] running install
[0.726s] running install_lib
[0.727s] running install_data
[0.727s] running install_egg_info
[0.728s] removing '/home/sam/GrazeMate/install/my_cow_drone_sim/lib/python3.10/site-packages/my_cow_drone_sim-0.0.1-py3.10.egg-info' (and everything under it)
[0.729s] Copying ../../../build/my_cow_drone_sim/my_cow_drone_sim.egg-info to /home/sam/GrazeMate/install/my_cow_drone_sim/lib/python3.10/site-packages/my_cow_drone_sim-0.0.1-py3.10.egg-info
[0.730s] running install_scripts
[0.745s] Installing controller_node script to /home/sam/GrazeMate/install/my_cow_drone_sim/lib/my_cow_drone_sim
[0.745s] writing list of installed files to '/home/sam/GrazeMate/build/my_cow_drone_sim/install.log'
[0.762s] Invoked command in '/home/sam/GrazeMate/new_sim_ws/src/my_cow_drone_sim' returned '0': PYTHONPATH=/home/sam/GrazeMate/build/my_cow_drone_sim/prefix_override:/usr/lib/python3/dist-packages/colcon_core/task/python/colcon_distutils_commands:/home/sam/GrazeMate/install/my_cow_drone_sim/lib/python3.10/site-packages:${PYTHONPATH} /usr/bin/python3 -W ignore:setup.py install is deprecated setup.py egg_info --egg-base ../../../build/my_cow_drone_sim build --build-base /home/sam/GrazeMate/build/my_cow_drone_sim/build install --record /home/sam/GrazeMate/build/my_cow_drone_sim/install.log --single-version-externally-managed install_data
