[0.776s] Invoking command in '/home/sam/GrazeMate/new_sim_ws/src/my_cow_drone_sim': PYTHONPATH=/home/sam/GrazeMate/new_sim_ws/build/my_cow_drone_sim/prefix_override:/usr/lib/python3/dist-packages/colcon_core/task/python/colcon_distutils_commands:/home/sam/GrazeMate/new_sim_ws/install/my_cow_drone_sim/lib/python3.10/site-packages:${PYTHONPATH} /usr/bin/python3 -W ignore:setup.py install is deprecated setup.py egg_info --egg-base ../../build/my_cow_drone_sim build --build-base /home/sam/GrazeMate/new_sim_ws/build/my_cow_drone_sim/build install --record /home/sam/GrazeMate/new_sim_ws/build/my_cow_drone_sim/install.log --single-version-externally-managed install_data
[1.069s] running egg_info
[1.070s] writing ../../build/my_cow_drone_sim/my_cow_drone_sim.egg-info/PKG-INFO
[1.070s] writing dependency_links to ../../build/my_cow_drone_sim/my_cow_drone_sim.egg-info/dependency_links.txt
[1.070s] writing entry points to ../../build/my_cow_drone_sim/my_cow_drone_sim.egg-info/entry_points.txt
[1.070s] writing requirements to ../../build/my_cow_drone_sim/my_cow_drone_sim.egg-info/requires.txt
[1.071s] writing top-level names to ../../build/my_cow_drone_sim/my_cow_drone_sim.egg-info/top_level.txt
[1.072s] reading manifest file '../../build/my_cow_drone_sim/my_cow_drone_sim.egg-info/SOURCES.txt'
[1.074s] writing manifest file '../../build/my_cow_drone_sim/my_cow_drone_sim.egg-info/SOURCES.txt'
[1.074s] running build
[1.074s] running build_py
[1.074s] running install
[1.074s] running install_lib
[1.076s] running install_data
[1.076s] running install_egg_info
[1.078s] removing '/home/sam/GrazeMate/new_sim_ws/install/my_cow_drone_sim/lib/python3.10/site-packages/my_cow_drone_sim-0.0.1-py3.10.egg-info' (and everything under it)
[1.078s] Copying ../../build/my_cow_drone_sim/my_cow_drone_sim.egg-info to /home/sam/GrazeMate/new_sim_ws/install/my_cow_drone_sim/lib/python3.10/site-packages/my_cow_drone_sim-0.0.1-py3.10.egg-info
[1.080s] running install_scripts
[1.102s] Installing cattle_visualizer_node script to /home/sam/GrazeMate/new_sim_ws/install/my_cow_drone_sim/lib/my_cow_drone_sim
[1.102s] Installing controller_node script to /home/sam/GrazeMate/new_sim_ws/install/my_cow_drone_sim/lib/my_cow_drone_sim
[1.103s] Installing wrangler_node script to /home/sam/GrazeMate/new_sim_ws/install/my_cow_drone_sim/lib/my_cow_drone_sim
[1.103s] writing list of installed files to '/home/sam/GrazeMate/new_sim_ws/build/my_cow_drone_sim/install.log'
[1.133s] Invoked command in '/home/sam/GrazeMate/new_sim_ws/src/my_cow_drone_sim' returned '0': PYTHONPATH=/home/sam/GrazeMate/new_sim_ws/build/my_cow_drone_sim/prefix_override:/usr/lib/python3/dist-packages/colcon_core/task/python/colcon_distutils_commands:/home/sam/GrazeMate/new_sim_ws/install/my_cow_drone_sim/lib/python3.10/site-packages:${PYTHONPATH} /usr/bin/python3 -W ignore:setup.py install is deprecated setup.py egg_info --egg-base ../../build/my_cow_drone_sim build --build-base /home/sam/GrazeMate/new_sim_ws/build/my_cow_drone_sim/build install --record /home/sam/GrazeMate/new_sim_ws/build/my_cow_drone_sim/install.log --single-version-externally-managed install_data
