[0.790s] Invoking command in '/home/sam/GrazeMate/new_sim_ws/src/my_cow_drone_sim': PYTHONPATH=/home/sam/GrazeMate/new_sim_ws/build/my_cow_drone_sim/prefix_override:/usr/lib/python3/dist-packages/colcon_core/task/python/colcon_distutils_commands:/home/sam/GrazeMate/new_sim_ws/install/my_cow_drone_sim/lib/python3.10/site-packages:${PYTHONPATH} /usr/bin/python3 -W ignore:setup.py install is deprecated setup.py egg_info --egg-base ../../build/my_cow_drone_sim build --build-base /home/sam/GrazeMate/new_sim_ws/build/my_cow_drone_sim/build install --record /home/sam/GrazeMate/new_sim_ws/build/my_cow_drone_sim/install.log --single-version-externally-managed install_data
[1.076s] running egg_info
[1.077s] writing ../../build/my_cow_drone_sim/my_cow_drone_sim.egg-info/PKG-INFO
[1.077s] writing dependency_links to ../../build/my_cow_drone_sim/my_cow_drone_sim.egg-info/dependency_links.txt
[1.077s] writing entry points to ../../build/my_cow_drone_sim/my_cow_drone_sim.egg-info/entry_points.txt
[1.077s] writing requirements to ../../build/my_cow_drone_sim/my_cow_drone_sim.egg-info/requires.txt
[1.077s] writing top-level names to ../../build/my_cow_drone_sim/my_cow_drone_sim.egg-info/top_level.txt
[1.079s] reading manifest file '../../build/my_cow_drone_sim/my_cow_drone_sim.egg-info/SOURCES.txt'
[1.080s] writing manifest file '../../build/my_cow_drone_sim/my_cow_drone_sim.egg-info/SOURCES.txt'
[1.080s] running build
[1.081s] running build_py
[1.081s] copying my_cow_drone_sim/wrangler_node.py -> /home/sam/GrazeMate/new_sim_ws/build/my_cow_drone_sim/build/lib/my_cow_drone_sim
[1.081s] running install
[1.081s] running install_lib
[1.082s] copying /home/sam/GrazeMate/new_sim_ws/build/my_cow_drone_sim/build/lib/my_cow_drone_sim/wrangler_node.py -> /home/sam/GrazeMate/new_sim_ws/install/my_cow_drone_sim/lib/python3.10/site-packages/my_cow_drone_sim
[1.083s] byte-compiling /home/sam/GrazeMate/new_sim_ws/install/my_cow_drone_sim/lib/python3.10/site-packages/my_cow_drone_sim/wrangler_node.py to wrangler_node.cpython-310.pyc
[1.085s] running install_data
[1.086s] running install_egg_info
[1.087s] removing '/home/sam/GrazeMate/new_sim_ws/install/my_cow_drone_sim/lib/python3.10/site-packages/my_cow_drone_sim-0.0.1-py3.10.egg-info' (and everything under it)
[1.088s] Copying ../../build/my_cow_drone_sim/my_cow_drone_sim.egg-info to /home/sam/GrazeMate/new_sim_ws/install/my_cow_drone_sim/lib/python3.10/site-packages/my_cow_drone_sim-0.0.1-py3.10.egg-info
[1.089s] running install_scripts
[1.110s] Installing cattle_visualizer_node script to /home/sam/GrazeMate/new_sim_ws/install/my_cow_drone_sim/lib/my_cow_drone_sim
[1.110s] Installing controller_node script to /home/sam/GrazeMate/new_sim_ws/install/my_cow_drone_sim/lib/my_cow_drone_sim
[1.110s] Installing wrangler_node script to /home/sam/GrazeMate/new_sim_ws/install/my_cow_drone_sim/lib/my_cow_drone_sim
[1.110s] writing list of installed files to '/home/sam/GrazeMate/new_sim_ws/build/my_cow_drone_sim/install.log'
[1.134s] Invoked command in '/home/sam/GrazeMate/new_sim_ws/src/my_cow_drone_sim' returned '0': PYTHONPATH=/home/sam/GrazeMate/new_sim_ws/build/my_cow_drone_sim/prefix_override:/usr/lib/python3/dist-packages/colcon_core/task/python/colcon_distutils_commands:/home/sam/GrazeMate/new_sim_ws/install/my_cow_drone_sim/lib/python3.10/site-packages:${PYTHONPATH} /usr/bin/python3 -W ignore:setup.py install is deprecated setup.py egg_info --egg-base ../../build/my_cow_drone_sim build --build-base /home/sam/GrazeMate/new_sim_ws/build/my_cow_drone_sim/build install --record /home/sam/GrazeMate/new_sim_ws/build/my_cow_drone_sim/install.log --single-version-externally-managed install_data
