[1.583s] Invoking command in '/home/sam/GrazeMate/new_sim_ws/src/my_cow_drone_sim': PYTHONPATH=/home/sam/GrazeMate/new_sim_ws/build/my_cow_drone_sim/prefix_override:/usr/lib/python3/dist-packages/colcon_core/task/python/colcon_distutils_commands:/home/sam/GrazeMate/new_sim_ws/install/my_cow_drone_sim/lib/python3.10/site-packages:${PYTHONPATH} /usr/bin/python3 -W ignore:setup.py install is deprecated setup.py egg_info --egg-base ../../build/my_cow_drone_sim build --build-base /home/sam/GrazeMate/new_sim_ws/build/my_cow_drone_sim/build install --record /home/sam/GrazeMate/new_sim_ws/build/my_cow_drone_sim/install.log --single-version-externally-managed install_data
[2.179s] running egg_info
[2.180s] writing ../../build/my_cow_drone_sim/my_cow_drone_sim.egg-info/PKG-INFO
[2.181s] writing dependency_links to ../../build/my_cow_drone_sim/my_cow_drone_sim.egg-info/dependency_links.txt
[2.181s] writing entry points to ../../build/my_cow_drone_sim/my_cow_drone_sim.egg-info/entry_points.txt
[2.182s] writing requirements to ../../build/my_cow_drone_sim/my_cow_drone_sim.egg-info/requires.txt
[2.182s] writing top-level names to ../../build/my_cow_drone_sim/my_cow_drone_sim.egg-info/top_level.txt
[2.186s] reading manifest file '../../build/my_cow_drone_sim/my_cow_drone_sim.egg-info/SOURCES.txt'
[2.188s] writing manifest file '../../build/my_cow_drone_sim/my_cow_drone_sim.egg-info/SOURCES.txt'
[2.188s] running build
[2.189s] running build_py
[2.189s] copying my_cow_drone_sim/wrangler_node.py -> /home/sam/GrazeMate/new_sim_ws/build/my_cow_drone_sim/build/lib/my_cow_drone_sim
[2.190s] running install
[2.191s] running install_lib
[2.192s] copying /home/sam/GrazeMate/new_sim_ws/build/my_cow_drone_sim/build/lib/my_cow_drone_sim/wrangler_node.py -> /home/sam/GrazeMate/new_sim_ws/install/my_cow_drone_sim/lib/python3.10/site-packages/my_cow_drone_sim
[2.193s] byte-compiling /home/sam/GrazeMate/new_sim_ws/install/my_cow_drone_sim/lib/python3.10/site-packages/my_cow_drone_sim/wrangler_node.py to wrangler_node.cpython-310.pyc
[2.199s] running install_data
[2.199s] running install_egg_info
[2.203s] removing '/home/sam/GrazeMate/new_sim_ws/install/my_cow_drone_sim/lib/python3.10/site-packages/my_cow_drone_sim-0.0.1-py3.10.egg-info' (and everything under it)
[2.204s] Copying ../../build/my_cow_drone_sim/my_cow_drone_sim.egg-info to /home/sam/GrazeMate/new_sim_ws/install/my_cow_drone_sim/lib/python3.10/site-packages/my_cow_drone_sim-0.0.1-py3.10.egg-info
[2.206s] running install_scripts
[2.250s] Installing cattle_visualizer_node script to /home/sam/GrazeMate/new_sim_ws/install/my_cow_drone_sim/lib/my_cow_drone_sim
[2.251s] Installing controller_node script to /home/sam/GrazeMate/new_sim_ws/install/my_cow_drone_sim/lib/my_cow_drone_sim
[2.251s] Installing wrangler_node script to /home/sam/GrazeMate/new_sim_ws/install/my_cow_drone_sim/lib/my_cow_drone_sim
[2.252s] writing list of installed files to '/home/sam/GrazeMate/new_sim_ws/build/my_cow_drone_sim/install.log'
[2.297s] Invoked command in '/home/sam/GrazeMate/new_sim_ws/src/my_cow_drone_sim' returned '0': PYTHONPATH=/home/sam/GrazeMate/new_sim_ws/build/my_cow_drone_sim/prefix_override:/usr/lib/python3/dist-packages/colcon_core/task/python/colcon_distutils_commands:/home/sam/GrazeMate/new_sim_ws/install/my_cow_drone_sim/lib/python3.10/site-packages:${PYTHONPATH} /usr/bin/python3 -W ignore:setup.py install is deprecated setup.py egg_info --egg-base ../../build/my_cow_drone_sim build --build-base /home/sam/GrazeMate/new_sim_ws/build/my_cow_drone_sim/build install --record /home/sam/GrazeMate/new_sim_ws/build/my_cow_drone_sim/install.log --single-version-externally-managed install_data
